[15:03:20] [ServerMain/INFO]: [bootstrap] Running Java 21 (OpenJDK 64-Bit Server VM 21.0.9+10-Ubuntu-124.04; Ubuntu null) on Linux 6.8.0-1030-azure (amd64)
[15:03:20] [ServerMain/INFO]: [bootstrap] Loading Paper 1.21.8-6-main@782ce95 (2025-07-18T20:26:58Z) for Minecraft 1.21.8
[15:03:20] [ServerMain/INFO]: [PluginInitializerManager] Initializing plugins...
[15:03:21] [Paper Plugin Remapper Thread - 2/INFO]: [PluginRemapper] Remapping plugin 'plugins/PlaceholderAPI-2.11.7.jar'...
[15:03:21] [Paper Plugin Remapper Thread - 3/INFO]: [PluginRemapper] Remapping plugin 'plugins/SimpleChat.jar'...
[15:03:21] [Paper Plugin Remapper Thread - 0/INFO]: [PluginRemapper] Remapping plugin 'plugins/lifestealz-2.20.6.jar'...
[15:03:22] [Paper Plugin Remapper Thread - 1/INFO]: [PluginRemapper] Remapping plugin 'plugins/floodgate-spigot.jar'...
[15:03:24] [Paper Plugin Remapper Thread - 3/INFO]: [PluginRemapper] Done remapping plugin 'plugins/SimpleChat.jar' in 2946ms.
[15:03:24] [Paper Plugin Remapper Thread - 3/INFO]: [PluginRemapper] Remapping plugin 'plugins/toolstats-1.9.11.jar'...
[15:03:24] [Paper Plugin Remapper Thread - 3/INFO]: [PluginRemapper] Done remapping plugin 'plugins/toolstats-1.9.11.jar' in 822ms.
[15:03:24] [Paper Plugin Remapper Thread - 3/INFO]: [PluginRemapper] Remapping plugin 'plugins/InvSee++_Give.jar'...
[15:03:25] [Paper Plugin Remapper Thread - 3/INFO]: [PluginRemapper] Done remapping plugin 'plugins/InvSee++_Give.jar' in 509ms.
[15:03:25] [Paper Plugin Remapper Thread - 3/INFO]: [PluginRemapper] Remapping plugin 'plugins/EssentialsX-2.20.1.jar'...
[15:03:25] [Paper Plugin Remapper Thread - 2/INFO]: [PluginRemapper] Done remapping plugin 'plugins/PlaceholderAPI-2.11.7.jar' in 4803ms.
[15:03:25] [Paper Plugin Remapper Thread - 2/INFO]: [PluginRemapper] Remapping plugin 'plugins/InventoryRollbackPlus-1.7.9.jar'...
[15:03:26] [Paper Plugin Remapper Thread - 0/INFO]: [PluginRemapper] Done remapping plugin 'plugins/lifestealz-2.20.6.jar' in 4381ms.
[15:03:26] [Paper Plugin Remapper Thread - 0/INFO]: [PluginRemapper] Remapping plugin 'plugins/SkinsRestorer.jar'...
[15:03:26] [Paper Plugin Remapper Thread - 2/INFO]: [PluginRemapper] Done remapping plugin 'plugins/InventoryRollbackPlus-1.7.9.jar' in 1029ms.
[15:03:26] [Paper Plugin Remapper Thread - 2/INFO]: [PluginRemapper] Remapping plugin 'plugins/InvSee++_Clear.jar'...
[15:03:27] [Paper Plugin Remapper Thread - 2/INFO]: [PluginRemapper] Done remapping plugin 'plugins/InvSee++_Clear.jar' in 145ms.
[15:03:27] [Paper Plugin Remapper Thread - 2/INFO]: [PluginRemapper] Remapping plugin 'plugins/GSit-3.1.1.jar'...
[15:03:28] [Paper Plugin Remapper Thread - 2/INFO]: [PluginRemapper] Done remapping plugin 'plugins/GSit-3.1.1.jar' in 1124ms.
[15:03:28] [Paper Plugin Remapper Thread - 2/INFO]: [PluginRemapper] Remapping plugin 'plugins/LiveKit-1.4.9.jar'...
[15:03:28] [Paper Plugin Remapper Thread - 3/INFO]: [PluginRemapper] Done remapping plugin 'plugins/EssentialsX-2.20.1.jar' in 2773ms.
[15:03:28] [Paper Plugin Remapper Thread - 3/INFO]: [PluginRemapper] Remapping plugin 'plugins/SilkSpawners_v2.jar'...
[15:03:28] [Paper Plugin Remapper Thread - 3/INFO]: [PluginRemapper] Done remapping plugin 'plugins/SilkSpawners_v2.jar' in 240ms.
[15:03:28] [Paper Plugin Remapper Thread - 3/INFO]: [PluginRemapper] Remapping plugin 'plugins/Chunky-1.3.146.jar'...
[15:03:28] [Paper Plugin Remapper Thread - 3/INFO]: [PluginRemapper] Done remapping plugin 'plugins/Chunky-1.3.146.jar' in 415ms.
[15:03:28] [Paper Plugin Remapper Thread - 3/INFO]: [PluginRemapper] Remapping plugin 'plugins/InvSee++.jar'...
[15:03:29] [Paper Plugin Remapper Thread - 2/INFO]: [PluginRemapper] Done remapping plugin 'plugins/LiveKit-1.4.9.jar' in 1077ms.
[15:03:30] [Paper Plugin Remapper Thread - 3/INFO]: [PluginRemapper] Done remapping plugin 'plugins/InvSee++.jar' in 1727ms.
[15:03:31] [Paper Plugin Remapper Thread - 0/INFO]: [PluginRemapper] Done remapping plugin 'plugins/SkinsRestorer.jar' in 5320ms.
[15:03:32] [Paper Plugin Remapper Thread - 1/INFO]: [PluginRemapper] Done remapping plugin 'plugins/floodgate-spigot.jar' in 10196ms.
[15:03:32] [ServerMain/INFO]: [PluginInitializerManager] Initialized 21 plugins
[15:03:32] [ServerMain/INFO]: [PluginInitializerManager] Paper plugins (1):
 - CommandPanels (4.1.4)
[15:03:32] [ServerMain/INFO]: [PluginInitializerManager] Bukkit plugins (20):
 - Chunky (1.3.146), CoreProtect (23.1), Essentials (2.20.1), GSit (3.1.1), Geyser-Spigot (2.9.2-SNAPSHOT), InvSeePlusPlus (0.30.15), InvSeePlusPlus_Clear (0.30.15), InvSeePlusPlus_Give (0.30.15), InventoryRollbackPlus (1.7.9), LifeStealZ (2.20.6), LiveKit (1.4.9), LuckPerms (5.5.17), Maintenance (4.3.0), PlaceholderAPI (2.11.7), SilkSpawners_v2 (2.3.3), SimpleChat (1.0.1), SkinsRestorer (15.9.3), ToolStats (1.9.11), ViaVersion (5.7.0), floodgate (2.2.5-SNAPSHOT (b126-096c605))
[15:03:41] [ServerMain/INFO]: Environment: Environment[sessionHost=https://sessionserver.mojang.com, servicesHost=https://api.minecraftservices.com, name=PROD]
[15:03:45] [ServerMain/INFO]: Loaded 1407 recipes
[15:03:45] [ServerMain/INFO]: Loaded 1520 advancements
[15:03:45] [ServerMain/INFO]: [ca.spottedleaf.dataconverter.minecraft.datatypes.MCTypeRegistry] Initialising converters for DataConverter...
[15:03:46] [ServerMain/INFO]: [ca.spottedleaf.dataconverter.minecraft.datatypes.MCTypeRegistry] Finished initialising converters for DataConverter in 905.4ms
[15:03:46] [Server thread/INFO]: Starting minecraft server version 1.21.8
[15:03:46] [Server thread/INFO]: Loading properties
[15:03:46] [Server thread/INFO]: This server is running Paper version 1.21.8-6-main@782ce95 (2025-07-18T20:26:58Z) (Implementing API version 1.21.8-R0.1-SNAPSHOT)
[15:03:46] [Server thread/INFO]: [spark] This server bundles the spark profiler. For more information please visit https://docs.papermc.io/paper/profiling
[15:03:46] [Server thread/INFO]: Server Ping Player Sample Count: 12
[15:03:46] [Server thread/INFO]: Using 4 threads for Netty based IO
[15:03:47] [Server thread/INFO]: [MoonriseCommon] Paper is using 1 worker threads, 1 I/O threads
[15:03:47] [Server thread/INFO]: [ChunkTaskScheduler] Chunk system is using population gen parallelism: true
[15:03:48] [Server thread/INFO]: Default game type: SURVIVAL
[15:03:48] [Server thread/INFO]: Generating keypair
[15:03:48] [Server thread/INFO]: Starting Minecraft server on *:25565
[15:03:48] [Server thread/INFO]: Using epoll channel type
[15:03:48] [Server thread/INFO]: Paper: Using libdeflate (Linux x86_64) compression from Velocity.
[15:03:48] [Server thread/INFO]: Paper: Using OpenSSL 3.x.x (Linux x86_64) cipher from Velocity.
[15:03:50] [Server thread/INFO]: [ViaVersion] Loading server plugin ViaVersion v5.7.0
[15:03:50] [Server thread/INFO]: [ViaVersion] ViaVersion 5.7.0 is now loaded. Registering protocol transformers and injecting...
[15:03:51] [Via-Mappingloader-1/INFO]: [ViaVersion] Loading block connection mappings ...
[15:03:51] [Via-Mappingloader-1/INFO]: [ViaVersion] Using FastUtil Long2ObjectOpenHashMap for block connections
[15:03:52] [Server thread/INFO]: [LuckPerms] Loading server plugin LuckPerms v5.5.17
[15:03:57] [Server thread/INFO]: [LuckPerms] Loading configuration...
[15:03:57] [Server thread/INFO]: [Essentials] Loading server plugin Essentials v2.20.1
[15:03:57] [Server thread/INFO]: [PlaceholderAPI] Loading server plugin PlaceholderAPI v2.11.7
[15:03:57] [Server thread/INFO]: [InvSee++] Loading server plugin InvSeePlusPlus v0.30.15
[15:03:57] [Server thread/INFO]: [floodgate] Loading server plugin floodgate v2.2.5-SNAPSHOT (b126-096c605)
[15:03:58] [Server thread/WARN]: [floodgate] en_ is not a supported Floodgate language.
[15:03:58] [Server thread/INFO]: [floodgate] Took 910ms to boot Floodgate
[15:03:58] [Server thread/INFO]: [CoreProtect] Loading server plugin CoreProtect v23.1
[15:03:58] [Server thread/INFO]: [Chunky] Loading server plugin Chunky v1.3.146
[15:03:58] [Server thread/INFO]: [SilkSpawners_v2] Loading server plugin SilkSpawners_v2 v2.3.3
[15:03:58] [Server thread/INFO]: [LiveKit] Loading server plugin LiveKit v1.4.9
[15:03:58] [Server thread/INFO]: [GSit] Loading server plugin GSit v3.1.1
[15:03:59] [Server thread/INFO]: [InvSee++_Clear] Loading server plugin InvSeePlusPlus_Clear v0.30.15
[15:03:59] [Server thread/INFO]: [Maintenance] Loading server plugin Maintenance v4.3.0
[15:03:59] [Server thread/INFO]: [SkinsRestorer] Loading server plugin SkinsRestorer v15.9.3
[15:03:59] [Server thread/INFO]: [CommandPanels] Loading server plugin CommandPanels v4.1.4
[15:03:59] [Server thread/INFO]: [InventoryRollbackPlus] Loading server plugin InventoryRollbackPlus v1.7.9
[15:03:59] [Server thread/INFO]: [Geyser-Spigot] Loading server plugin Geyser-Spigot v2.9.2-SNAPSHOT
[15:03:59] [Server thread/INFO]: [Geyser-Spigot] Loading extensions...
[15:03:59] [Server thread/INFO]: [Geyser-Spigot] Loaded 0 extension(s)
[15:03:59] [Server thread/INFO]: [InvSee++_Give] Loading server plugin InvSeePlusPlus_Give v0.30.15
[15:03:59] [Server thread/INFO]: [ToolStats] Loading server plugin ToolStats v1.9.11
[15:03:59] [Server thread/INFO]: [LifeStealZ] Loading server plugin LifeStealZ v2.20.6
[15:03:59] [Server thread/INFO]: [LifeStealZ] Loading LifeStealZ...
[15:03:59] [Server thread/INFO]: [SimpleChat] Loading server plugin SimpleChat v1.0.1
[15:03:59] [Server thread/INFO]: Server permissions file permissions.yml is empty, ignoring it
[15:03:59] [Server thread/INFO]: [LuckPerms] Enabling LuckPerms v5.5.17
[15:04:00] [Server thread/INFO]:         __    
[15:04:00] [Server thread/INFO]:   |    |__)   LuckPerms v5.5.17
[15:04:00] [Server thread/INFO]:   |___ |      Running on Bukkit - Paper
[15:04:00] [Server thread/INFO]: 
[15:04:01] [Server thread/INFO]: [LuckPerms] Loading storage provider... [H2]
[15:04:01] [Server thread/INFO]: [LuckPerms] Loading internal permission managers...
[15:04:01] [Server thread/INFO]: [LuckPerms] Performing initial data load...
[15:04:01] [Server thread/INFO]: [LuckPerms] Successfully enabled. (took 2327ms)
[15:04:01] [Server thread/INFO]: [SkinsRestorer] Enabling SkinsRestorer v15.9.3
[15:04:04] [Server thread/INFO]: [SkinsRestorer] Running on Minecraft 1.21.8.
[15:04:04] [Server thread/INFO]: [SkinsRestorer] Floodgate skin listener registered
[15:04:05] [Server thread/INFO]: [SkinsRestorer] Using paper join listener!
[15:04:05] [Server thread/INFO]: [PlaceholderAPI] Successfully registered internal expansion: skinsrestorer [15.9.3]
[15:04:05] [Server thread/INFO]: [SkinsRestorer] PlaceholderAPI expansion registered!
[15:04:05] [Server thread/WARN]: **** SERVER IS RUNNING IN OFFLINE/INSECURE MODE!
[15:04:05] [Server thread/WARN]: The server will make no attempt to authenticate usernames. Beware.
[15:04:05] [Server thread/WARN]: While this makes the game possible to play without internet access, it also opens up the ability for hackers to connect with any username they choose.
[15:04:05] [Server thread/WARN]: To change this, set "online-mode" to "true" in the server.properties file.
[15:04:05] [Server thread/INFO]: Preparing level "world"
[15:04:05] [Folia Async Scheduler Thread #2/INFO]: [SkinsRestorer] ----------------------------------------------
[15:04:05] [Folia Async Scheduler Thread #2/INFO]: [SkinsRestorer]     +==================+
[15:04:05] [Folia Async Scheduler Thread #2/INFO]: [SkinsRestorer]     |   SkinsRestorer  |
[15:04:05] [Folia Async Scheduler Thread #2/INFO]: [SkinsRestorer]     |------------------|
[15:04:05] [Folia Async Scheduler Thread #2/INFO]: [SkinsRestorer]     |  Standalone Mode |
[15:04:05] [Folia Async Scheduler Thread #2/INFO]: [SkinsRestorer]     +==================+
[15:04:05] [Folia Async Scheduler Thread #2/INFO]: [SkinsRestorer] ----------------------------------------------
[15:04:05] [Folia Async Scheduler Thread #2/INFO]: [SkinsRestorer]     Version: 15.9.3
[15:04:05] [Folia Async Scheduler Thread #2/INFO]: [SkinsRestorer]     Commit: 989bf18
[15:04:05] [Folia Async Scheduler Thread #2/INFO]: [SkinsRestorer]     This is the latest version!
[15:04:05] [Folia Async Scheduler Thread #2/INFO]: [SkinsRestorer] ----------------------------------------------
[15:04:05] [Folia Async Scheduler Thread #2/INFO]: [SkinsRestorer] Do you have issues? Read our troubleshooting guide: https://skinsrestorer.net/docs/troubleshooting
[15:04:05] [Folia Async Scheduler Thread #2/INFO]: [SkinsRestorer] Want to support SkinsRestorer? Consider donating: https://skinsrestorer.net/donate
[15:04:06] [Server thread/INFO]: Preparing start region for dimension minecraft:overworld
[15:04:07] [Server thread/INFO]: Preparing spawn area: 0%
[15:04:07] [Server thread/INFO]: Preparing spawn area: 0%
[15:04:08] [Server thread/INFO]: Preparing spawn area: 0%
[15:04:08] [Server thread/INFO]: Preparing spawn area: 0%
[15:04:08] [Server thread/INFO]: Preparing spawn area: 0%
[15:04:08] [Server thread/INFO]: Time elapsed: 2386 ms
[15:04:08] [Server thread/INFO]: Preparing start region for dimension minecraft:the_nether
[15:04:08] [Server thread/INFO]: Preparing spawn area: 0%
[15:04:09] [Server thread/INFO]: Time elapsed: 386 ms
[15:04:09] [Server thread/INFO]: Preparing start region for dimension minecraft:the_end
[15:04:09] [Server thread/INFO]: Preparing spawn area: 0%
[15:04:09] [Server thread/INFO]: Time elapsed: 338 ms
[15:04:09] [Server thread/INFO]: [ViaVersion] Enabling ViaVersion v5.7.0
[15:04:09] [Server thread/INFO]: [ViaVersion] ViaVersion detected server version: 1.21.7-1.21.8 (772)
[15:04:09] [Server thread/INFO]: [Essentials] Enabling Essentials v2.20.1
[15:04:09] [Server thread/ERROR]: [Essentials] You are running an unsupported server version!
[15:04:10] [Server thread/INFO]: [Essentials] Creating config from template: plugins/Essentials/config.yml
[15:04:10] [Server thread/WARN]: [Essentials] Missing userdata folder, aborting
[15:04:10] [Server thread/INFO]: [Essentials] Creating config from template: plugins/Essentials/kits.yml
[15:04:10] [Server thread/INFO]: [Essentials] Attempting to convert old kits in config.yml to new kits.yml
[15:04:10] [Server thread/INFO]: [Essentials] No kits found to migrate.
[15:04:10] [Server thread/INFO]: [Essentials] Starting Essentials ban format conversion
[15:04:10] [Server thread/INFO]: [Essentials] Attempting to migrate ignore list to UUIDs
[15:04:10] [Server thread/INFO]: [Essentials] Attempting to migrate legacy userdata keys to Configurate
[15:04:10] [Server thread/INFO]: [Essentials] Creating config from template: plugins/Essentials/worth.yml
[15:04:10] [Server thread/INFO]: [Essentials] Creating config from template: plugins/Essentials/tpr.yml
[15:04:10] [Server thread/INFO]: [Essentials] Loaded 39094 items from items.json.
[15:04:10] [Server thread/INFO]: [Essentials] Creating config from template: plugins/Essentials/custom_items.yml
[15:04:11] [Server thread/INFO]: [Essentials] Using locale en
[15:04:11] [Server thread/INFO]: [Essentials] ServerListPingEvent: Spigot iterator API
[15:04:11] [Server thread/INFO]: [Essentials] Starting Metrics. Opt-out using the global bStats config.
[15:04:11] [Server thread/WARN]: [Essentials] Detected supported permissions plugin LuckPerms without Vault installed.
[15:04:11] [Server thread/WARN]: [Essentials] Features such as chat prefixes/suffixes and group-related functionality will not work until you install Vault.
[15:04:11] [Server thread/INFO]: [Essentials] Using superperms-based permissions.
[15:04:11] [Server thread/INFO]: [PlaceholderAPI] Enabling PlaceholderAPI v2.11.7
[15:04:11] [Server thread/INFO]: [PlaceholderAPI] Fetching available expansion information...
[15:04:11] [Server thread/INFO]: [InvSee++] Enabling InvSeePlusPlus v0.30.15
[15:04:11] [Server thread/INFO]: [InvSee++] Detected server software: Paper version 1.21.8
[15:04:12] [Server thread/INFO]: [floodgate] Enabling floodgate v2.2.5-SNAPSHOT (b126-096c605)
[15:04:12] [Server thread/INFO]: [CoreProtect] Enabling CoreProtect v23.1
[15:04:13] [Server thread/INFO]: [CoreProtect] CoreProtect Community Edition has been successfully enabled! 
[15:04:13] [Server thread/INFO]: [CoreProtect] Using SQLite for data storage.
[15:04:13] [Server thread/INFO]: --------------------
[15:04:13] [Server thread/INFO]: [CoreProtect] Enjoy CoreProtect? Join our Discord!
[15:04:13] [Server thread/INFO]: [CoreProtect] Discord: www.coreprotect.net/discord/
[15:04:13] [Server thread/INFO]: --------------------
[15:04:13] [Server thread/INFO]: [Chunky] Enabling Chunky v1.3.146
[15:04:14] [Server thread/INFO]: [SilkSpawners_v2] Enabling SilkSpawners_v2 v2.3.3
[15:04:14] [Server thread/INFO]: [SilkSpawners] Loading configuration...
[15:04:14] [Server thread/INFO]: [SilkSpawners] No config file was found. The config will be generated with the default configuration
[15:04:14] [Server thread/INFO]: [SilkSpawners] [INFO]: Starting SilkSpawners v2.3.3
[15:04:14] [Server thread/INFO]: [SilkSpawners] [INFO]: Loading server platform
[15:04:14] [Thread-18/INFO]: [SilkSpawners] [INFO]: Checking for updates
[15:04:14] [Server thread/INFO]: [SilkSpawners] [INFO]: Initialized plugin for bukkit server
[15:04:14] [Server thread/INFO]: [SilkSpawners] [INFO]: Loading Cross-Version support
[15:04:14] [Server thread/INFO]: [SilkSpawners] [INFO]: Loaded support for version 1.21.8
[15:04:14] [Server thread/INFO]: [SilkSpawners] [INFO]: Loading locale file
[15:04:14] [Server thread/INFO]: [SilkSpawners] [INFO]: Starting bStats integration
[15:04:14] [Server thread/INFO]: [SilkSpawners] [INFO]: Registering listeners
[15:04:14] [Server thread/INFO]: [SilkSpawners] [INFO]: Registering commands
[15:04:14] [Server thread/INFO]: [SilkSpawners] [INFO]: Started SilkSpawners v2.3.3
[15:04:14] [Server thread/INFO]: [LiveKit] Enabling LiveKit v1.4.9
[15:04:14] [Thread-18/INFO]: [SilkSpawners] [INFO]: The plugin is up to date (Current release v2.3.3)
[15:04:14] [Server thread/INFO]: [LiveKit] Downloaded library https://repo1.maven.org/maven2/com/j256/ormlite/ormlite-core/5.5/ormlite-core-5.5.jar
[15:04:14] [Server thread/INFO]: [LiveKit] Downloaded library https://repo1.maven.org/maven2/com/j256/ormlite/ormlite-jdbc/5.5/ormlite-jdbc-5.5.jar
[15:04:14] [Server thread/INFO]: [LiveKit] Downloaded library https://repo1.maven.org/maven2/org/apache/logging/log4j/log4j-core/2.22.1/log4j-core-2.22.1.jar
[15:04:14] [Server thread/INFO]: [LiveKit] Downloaded library https://repo1.maven.org/maven2/org/postgresql/postgresql/42.3.9/postgresql-42.3.9.jar
[15:04:14] [Server thread/INFO]: [LiveKit] Downloaded library https://repo1.maven.org/maven2/org/json/json/20240303/json-20240303.jar
[15:04:15] [Server thread/INFO]: [LiveKit] Downloaded library https://repo1.maven.org/maven2/org/jsoup/jsoup/1.17.2/jsoup-1.17.2.jar
[15:04:15] [Server thread/INFO]: [LiveKit] Downloaded library https://repo1.maven.org/maven2/com/github/luben/zstd-jni/1.5.5-1/zstd-jni-1.5.5-1.jar
[15:04:15] [Server thread/INFO]: [LiveKit] Downloaded library https://jitpack.io/com/github/Querz/NBT/6.1/NBT-6.1.jar
[15:04:15] [Server thread/INFO]: [LiveKit] Updating config to Multi-World format :)
[15:04:15] [Server thread/INFO]: [LiveKit] Generating secure console password
[15:04:15] [Server thread/INFO]: [LiveKit] Using default permissions from config.yml for connected LiveKit clients
[15:04:15] [Server thread/INFO]: [LiveKit] Initializing storage adapter...[SQLITE]
[15:04:16] [Server thread/INFO]: [LiveKit] RenderBounds are invalid for world. Falling back to default bounds
[15:04:16] [Server thread/INFO]: [LiveKit] RenderBounds[shape=ALWAYS_IN;]
[15:04:16] [Server thread/INFO]: [LiveKit] 0 regions detected for world world took 0ms
[15:04:16] [Server thread/INFO]: [LiveKit] RenderBounds are invalid for world_the_end. Falling back to default bounds
[15:04:16] [Server thread/INFO]: [LiveKit] RenderBounds[shape=ALWAYS_IN;]
[15:04:16] [Server thread/INFO]: [LiveKit] 0 regions detected for world world_the_end took 0ms
[15:04:16] [Server thread/INFO]: [LiveKit] RenderBounds are invalid for world_nether. Falling back to default bounds
[15:04:16] [Server thread/INFO]: [LiveKit] RenderBounds[shape=ALWAYS_IN;]
[15:04:16] [Server thread/INFO]: [LiveKit] 0 regions detected for world world_nether took 0ms
[15:04:16] [Server thread/INFO]: [LiveKit] Console access password: dqieOpzeG8
[15:04:16] [LiveKit server/INFO]: [LiveKit] Server listening on 4123 for incoming connections
[15:04:16] [Server thread/INFO]: [GSit] Enabling GSit v3.1.1
[15:04:16] [Server thread/INFO]: [PlaceholderAPI] Successfully registered internal expansion: gsit [3.1.1]
[15:04:16] [pool-43-thread-1/WARN]: java.net.ConnectException: Connection refused
[15:04:16] [pool-43-thread-1/WARN]: 	at java.base/sun.nio.ch.Net.connect0(Native Method)
[15:04:16] [pool-43-thread-1/WARN]: 	at java.base/sun.nio.ch.Net.connect(Net.java:589)
[15:04:16] [pool-43-thread-1/WARN]: 	at java.base/sun.nio.ch.Net.connect(Net.java:578)
[15:04:16] [pool-43-thread-1/WARN]: 	at java.base/sun.nio.ch.NioSocketImpl.connect(NioSocketImpl.java:583)
[15:04:16] [pool-43-thread-1/WARN]: 	at java.base/java.net.SocksSocketImpl.connect(SocksSocketImpl.java:327)
[15:04:16] [pool-43-thread-1/WARN]: 	at java.base/java.net.Socket.connect(Socket.java:751)
[15:04:16] [pool-43-thread-1/WARN]: 	at java.base/java.net.Socket.connect(Socket.java:686)
[15:04:16] [pool-43-thread-1/WARN]: 	at LiveKit-1.4.9.jar//at.livekit.livekit.LiveCloud.lambda$0(LiveCloud.java:59)
[15:04:16] [pool-43-thread-1/WARN]: 	at LiveKit-1.4.9.jar//at.livekit.livekit.LiveCloud.lambda$2(LiveCloud.java:112)
[15:04:16] [pool-43-thread-1/WARN]: 	at java.base/java.util.concurrent.CompletableFuture$AsyncSupply.run(CompletableFuture.java:1768)
[15:04:16] [pool-43-thread-1/WARN]: 	at java.base/java.util.concurrent.ThreadPoolExecutor.runWorker(ThreadPoolExecutor.java:1144)
[15:04:16] [pool-43-thread-1/WARN]: 	at java.base/java.util.concurrent.ThreadPoolExecutor$Worker.run(ThreadPoolExecutor.java:642)
[15:04:16] [pool-43-thread-1/WARN]: 	at java.base/java.lang.Thread.run(Thread.java:1583)
[15:04:16] [pool-43-thread-1/WARN]: java.util.concurrent.CompletionException: java.lang.RuntimeException: java.net.ConnectException: Connection refused
[15:04:16] [pool-43-thread-1/WARN]: 	at java.base/java.util.concurrent.CompletableFuture.encodeThrowable(CompletableFuture.java:315)
[15:04:16] [pool-43-thread-1/WARN]: 	at java.base/java.util.concurrent.CompletableFuture.completeThrowable(CompletableFuture.java:320)
[15:04:16] [pool-43-thread-1/WARN]: 	at java.base/java.util.concurrent.CompletableFuture$AsyncSupply.run(CompletableFuture.java:1770)
[15:04:16] [pool-43-thread-1/WARN]: 	at java.base/java.util.concurrent.ThreadPoolExecutor.runWorker(ThreadPoolExecutor.java:1144)
[15:04:16] [pool-43-thread-1/WARN]: 	at java.base/java.util.concurrent.ThreadPoolExecutor$Worker.run(ThreadPoolExecutor.java:642)
[15:04:16] [pool-43-thread-1/WARN]: 	at java.base/java.lang.Thread.run(Thread.java:1583)
[15:04:16] [pool-43-thread-1/WARN]: Caused by: java.lang.RuntimeException: java.net.ConnectException: Connection refused
[15:04:16] [pool-43-thread-1/WARN]: 	at LiveKit-1.4.9.jar//at.livekit.livekit.LiveCloud.lambda$2(LiveCloud.java:115)
[15:04:16] [pool-43-thread-1/WARN]: 	at java.base/java.util.concurrent.CompletableFuture$AsyncSupply.run(CompletableFuture.java:1768)
[15:04:16] [pool-43-thread-1/WARN]: 	... 3 more
[15:04:16] [pool-43-thread-1/WARN]: Caused by: java.net.ConnectException: Connection refused
[15:04:16] [Server thread/INFO]: [GSit] The plugin was successfully enabled.
[15:04:16] [Server thread/INFO]: [GSit] Link with PlaceholderAPI successful!
[15:04:16] [pool-43-thread-1/WARN]: 	at java.base/sun.nio.ch.Net.connect0(Native Method)
[15:04:16] [pool-43-thread-1/WARN]: 	at java.base/sun.nio.ch.Net.connect(Net.java:589)
[15:04:16] [pool-43-thread-1/WARN]: 	at java.base/sun.nio.ch.Net.connect(Net.java:578)
[15:04:16] [pool-43-thread-1/WARN]: 	at java.base/sun.nio.ch.NioSocketImpl.connect(NioSocketImpl.java:583)
[15:04:16] [pool-43-thread-1/WARN]: 	at java.base/java.net.SocksSocketImpl.connect(SocksSocketImpl.java:327)
[15:04:16] [pool-43-thread-1/WARN]: 	at java.base/java.net.Socket.connect(Socket.java:751)
[15:04:16] [pool-43-thread-1/WARN]: 	at java.base/java.net.Socket.connect(Socket.java:686)
[15:04:16] [pool-43-thread-1/WARN]: 	at LiveKit-1.4.9.jar//at.livekit.livekit.LiveCloud.lambda$0(LiveCloud.java:59)
[15:04:16] [pool-43-thread-1/WARN]: 	at LiveKit-1.4.9.jar//at.livekit.livekit.LiveCloud.lambda$2(LiveCloud.java:112)
[15:04:16] [pool-43-thread-1/WARN]: 	... 4 more
[15:04:16] [pool-43-thread-1/WARN]: [LiveKit] LiveKit proxy not available. Only direct connections possible (Port forwarding for LiveKit port 4123 required!)
[15:04:16] [Server thread/INFO]: [InvSee++_Clear] Enabling InvSeePlusPlus_Clear v0.30.15
[15:04:16] [Server thread/INFO]: [Maintenance] Enabling Maintenance v4.3.0
[15:04:17] [Server thread/INFO]: [CommandPanels] Enabling CommandPanels v4.1.4
[15:04:17] [Server thread/INFO]: [CommandPanels] RockyHawk's CommandPanels v4.1.4 Plugin Loading...
[15:04:17] [Server thread/INFO]: [CommandPanels] RockyHawk's CommandPanels v4.1.4 Plugin Loaded!
[15:04:17] [Server thread/INFO]: [InventoryRollbackPlus] Enabling InventoryRollbackPlus v1.7.9
[15:04:17] [Server thread/INFO]: [InventoryRollbackPlus] Attempting support for version: 1.21.8-6-782ce95 (MC: 1.21.8)
[15:04:17] [Server thread/INFO]: [InventoryRollbackPlus] Using CraftBukkit version: v1_21_R5
[15:04:17] [Server thread/INFO]: [InventoryRollbackPlus] Inventory backup data is set to save to: YAML
[15:04:17] [Server thread/INFO]: [InventoryRollbackPlus] bStats are enabled
[15:04:18] [Server thread/INFO]: [InventoryRollbackPlus] Tests completed: 5, Skipped: 0, Failed: 0
[15:04:18] [Server thread/INFO]: [InventoryRollbackPlus] All tests passed successfully.
[15:04:18] [Server thread/INFO]: [Geyser-Spigot] Enabling Geyser-Spigot v2.9.2-SNAPSHOT
[15:04:21] [Server thread/INFO]: [InvSee++_Give] Enabling InvSeePlusPlus_Give v0.30.15
[15:04:21] [Server thread/INFO]: [ToolStats] Enabling ToolStats v1.9.11
[15:04:21] [Server thread/INFO]: [ToolStats] Copying default config!
[15:04:21] [Server thread/INFO]: [LifeStealZ] Enabling LifeStealZ v2.20.6
[15:04:21] [Server thread/INFO]: [LifeStealZ] Geyser found, enabling Bedrock player support.
[15:04:21] [Server thread/INFO]: [LifeStealZ] Saving file lang/cs-CZ.yml
[15:04:21] [Server thread/INFO]: [LifeStealZ] Saving file lang/de-DE.yml
[15:04:21] [Server thread/INFO]: [LifeStealZ] Saving file lang/en-US.yml
[15:04:21] [Server thread/INFO]: [LifeStealZ] Saving file lang/es-ES.yml
[15:04:21] [Server thread/INFO]: [LifeStealZ] Saving file lang/fr-FR.yml
[15:04:21] [Server thread/INFO]: [LifeStealZ] Saving file lang/pl-PL.yml
[15:04:21] [Server thread/INFO]: [LifeStealZ] Saving file lang/vi-VN.yml
[15:04:21] [Server thread/INFO]: [LifeStealZ] Saving file lang/zh-CN.yml
[15:04:21] [Server thread/INFO]: [LifeStealZ] Saving file lang/nl-NL.yml
[15:04:21] [Server thread/INFO]: [LifeStealZ] Saving file lang/ru-RU.yml
[15:04:21] [Server thread/INFO]: [LifeStealZ] Saving file lang/pt-BR.yml
[15:04:21] [Server thread/INFO]: [LifeStealZ] Saving file lang/ja-JP.yml
[15:04:21] [Server thread/INFO]: [LifeStealZ] Saving file lang/hu-HU.yml
[15:04:21] [Server thread/INFO]: [LifeStealZ] Using language file: plugins/LifeStealZ/lang/en-US.yml
[15:04:21] [Server thread/INFO]: [LifeStealZ] Using SQLite storage
[15:04:23] [Folia Async Scheduler Thread #3/INFO]: [ToolStats] Yay! You are running the lates version!
[15:04:23] [Server thread/INFO]: [com.zetaplugins.zetacore.libs.reflections.Reflections] Reflections took 196 ms to scan 1 urls, producing 24 keys and 105 values
[15:04:23] [Server thread/INFO]: [LifeStealZ] Registered 5 commands
[15:04:23] [Server thread/INFO]: [com.zetaplugins.zetacore.libs.reflections.Reflections] Reflections took 40 ms to scan 1 urls, producing 24 keys and 105 values
[15:04:23] [Server thread/INFO]: [LifeStealZ] Registered 18 event listeners
[15:04:23] [Server thread/INFO]: [PlaceholderAPI] Successfully registered internal expansion: lifestealz [2.20.6]
[15:04:23] [Server thread/INFO]: [LifeStealZ] PlaceholderAPI found! Enabled PlaceholderAPI support!
[15:04:23] [Server thread/INFO]: [LifeStealZ] LifeStealZ enabled!
[15:04:23] [Server thread/INFO]: [SimpleChat] Enabling SimpleChat v1.0.1
[15:04:23] [Server thread/INFO]: [SimpleChat] Loading SimpleChat...
[15:04:23] [Server thread/INFO]: [SimpleChat] LuckPerms found, using it for chat formatting.
[15:04:23] [Server thread/INFO]: [SimpleChat] PlaceholderAPI found, placeholders will be processed in message format.
[15:04:23] [Server thread/INFO]: [SimpleChat] Loaded 3 chat formats from config.
[15:04:23] [Server thread/INFO]: [SimpleChat] Registered chat message listener with priority: HIGHEST
[15:04:23] [Server thread/INFO]: [SimpleChat] SimpleChat is waiting for chat events...
[15:04:24] [Server thread/INFO]: [spark] Starting background profiler...
[15:04:25] [Server thread/INFO]: [PlaceholderAPI] Placeholder expansion registration initializing...
[15:04:25] [Server thread/INFO]: [Geyser-Spigot] ******************************************
[15:04:25] [Server thread/INFO]: [Geyser-Spigot] 
[15:04:25] [Server thread/INFO]: [Geyser-Spigot] Loading Geyser version 2.9.2-b1031 (git-master-a870c6e)
[15:04:25] [Server thread/INFO]: [Geyser-Spigot] 
[15:04:25] [Server thread/INFO]: [Geyser-Spigot] ******************************************
[15:04:30] [Thread-24/WARN]: [Geyser-Spigot] Missing MC locale file: en_us
[15:04:30] [Thread-26/INFO]: [Geyser-Spigot] Downloading Minecraft JAR to extract required files, please wait... (this may take some time depending on the speed of your internet connection)
[15:04:30] [GeyserServer-3-1/INFO]: [Geyser-Spigot] Started Geyser on UDP port 19132
[15:04:31] [Server thread/INFO]: [Geyser-Spigot] Done (5.393s)! Run /geyser help for help!
[15:04:31] [Server thread/INFO]: Done preparing level "world" (25.956s)
[15:04:31] [Server thread/INFO]: Running delayed init tasks
[15:04:31] [Craft Scheduler Thread - 6 - Essentials/INFO]: [Essentials] Fetching version information...
[15:04:31] [Craft Scheduler Thread - 5 - ViaVersion/INFO]: [ViaVersion] Finished mapping loading, shutting down loader executor.
[15:04:31] [Craft Scheduler Thread - 9 - InventoryRollbackPlus/INFO]: [InventoryRollbackPlus] Checking for updates...
[15:04:31] [Server thread/INFO]: Done (72.489s)! For help, type "help"
[15:04:31] [Server thread/INFO]: [PlaceholderAPI] Successfully registered internal expansion: commandpanels [4.1.4]
[15:04:31] [Server thread/INFO]: 0 placeholder hook(s) registered!
[15:04:31] [Craft Scheduler Thread - 9 - InventoryRollbackPlus/INFO]: [InventoryRollbackPlus] You are running the latest version.
[15:04:31] [Craft Scheduler Thread - 6 - Essentials/WARN]: [Essentials] There is a new EssentialsX version available for download: 2.21.2.
[15:04:31] [Craft Scheduler Thread - 6 - Essentials/WARN]: [Essentials] Download it here: https://essentialsx.net/downloads.html?branch=stable
[15:04:33] [Thread-26/INFO]: [Geyser-Spigot] Minecraft JAR has been successfully downloaded and loaded!
[15:04:34] [Server thread/WARN]: Can't keep up! Is the server overloaded? Running 2629ms or 52 ticks behind
[15:04:36] [User Authenticator #0/INFO]: UUID of player RedTheKnife34 is 2b693a32-454f-3928-8827-6f0f63c80731
[15:04:37] [Server thread/INFO]: [HorriblePlayerLoginEventHack] You have plugins listening to the PlayerLoginEvent, this will cause re-configuration APIs to be unavailable: [LuckPerms, LifeStealZ, Essentials, Maintenance]
[15:04:43] [Server thread/INFO]: RedTheKnife34 joined the game
[15:04:43] [Server thread/INFO]: RedTheKnife34[/100.86.124.15:54742] logged in with entity id 114 at ([world]-3.441174201606334, 79.0, 3.6153466187938896)
[15:04:44] [Server thread/WARN]: [Essentials] File motd.txt does not exist. Creating one for you.
[15:05:00] [Server thread/WARN]: Can't keep up! Is the server overloaded? Running 10331ms or 206 ticks behind
[15:05:15] [Server thread/INFO]: Made RedTheKnife34 a server operator
[15:05:24] [Server thread/INFO]: RedTheKnife34 issued server command: /gms
[15:05:26] [Server thread/INFO]: RedTheKnife34 issued server command: /gmc
[15:08:18] [Server thread/INFO]: RedTheKnife34 issued server command: /livekit pins
[15:08:28] [Server thread/INFO]: RedTheKnife34 issued server command: /livekit info
[15:09:13] [Server thread/INFO]: RedTheKnife34 issued server command: /lp group default permission set essentials.tpa
[15:09:13] [luckperms-command-executor/INFO]: [LP] LOG > (RedTheKnife34) [G] (default)
[15:09:13] [luckperms-command-executor/INFO]: [LP] LOG > permission set essentials.tpa true
[15:09:18] [Server thread/INFO]: RedTheKnife34 issued server command: /lp group default permission set essentials.tpaccept
[15:09:18] [luckperms-command-executor/INFO]: [LP] LOG > (RedTheKnife34) [G] (default)
[15:09:18] [luckperms-command-executor/INFO]: [LP] LOG > permission set essentials.tpaccept true
[15:09:23] [Server thread/INFO]: RedTheKnife34 issued server command: /lp group default permission set essentials.tpacancel
[15:09:23] [luckperms-command-executor/INFO]: [LP] LOG > (RedTheKnife34) [G] (default)
[15:09:23] [luckperms-command-executor/INFO]: [LP] LOG > permission set essentials.tpacancel true
[15:09:54] [Server thread/INFO]: RedTheKnife34 issued server command: /lp group default permission set essentials.warp
[15:09:54] [luckperms-command-executor/INFO]: [LP] LOG > (RedTheKnife34) [G] (default)
[15:09:54] [luckperms-command-executor/INFO]: [LP] LOG > permission set essentials.warp true
[15:10:13] [Server thread/INFO]: RedTheKnife34 issued server command: /lp group default permission set essentials.me
[15:10:13] [luckperms-command-executor/INFO]: [LP] LOG > (RedTheKnife34) [G] (default)
[15:10:13] [luckperms-command-executor/INFO]: [LP] LOG > permission set essentials.me true
[15:10:17] [Server thread/INFO]: RedTheKnife34 issued server command: /lp group default permission set essentials.msg
[15:10:17] [luckperms-command-executor/INFO]: [LP] LOG > (RedTheKnife34) [G] (default)
[15:10:17] [luckperms-command-executor/INFO]: [LP] LOG > permission set essentials.msg true
[15:10:29] [Server thread/INFO]: RedTheKnife34 issued server command: /lp group default permission set essentials.help
[15:10:29] [luckperms-command-executor/INFO]: [LP] LOG > (RedTheKnife34) [G] (default)
[15:10:29] [luckperms-command-executor/INFO]: [LP] LOG > permission set essentials.help true
[15:10:48] [Server thread/INFO]: RedTheKnife34 issued server command: /lp group default permission set skinsrestorer.command
[15:10:48] [luckperms-command-executor/INFO]: [LP] LOG > (RedTheKnife34) [G] (default)
[15:10:48] [luckperms-command-executor/INFO]: [LP] LOG > permission set skinsrestorer.command true
[15:11:33] [Server thread/INFO]: RedTheKnife34 issued server command: /lp creategroup admin
[15:11:33] [luckperms-command-executor/INFO]: [LP] LOG > (RedTheKnife34) [G] (admin)
[15:11:33] [luckperms-command-executor/INFO]: [LP] LOG > create
[15:11:46] [Server thread/INFO]: RedTheKnife34 issued server command: /lp group admin permission set *
[15:11:46] [luckperms-command-executor/INFO]: [LP] LOG > (RedTheKnife34) [G] (admin)
[15:11:46] [luckperms-command-executor/INFO]: [LP] LOG > permission set * true
[15:12:26] [Async Chat Thread - #1/INFO]: [Not Secure]  RedTheKnife34 » a
[15:12:49] [Server thread/INFO]: RedTheKnife34 has made the advancement [Monster Hunter]
[15:13:33] [Server thread/INFO]: RedTheKnife34 issued server command: /simplechat:chatreload
[15:13:33] [Server thread/INFO]: [SimpleChat] LuckPerms found, using it for chat formatting.
[15:13:33] [Server thread/INFO]: [SimpleChat] PlaceholderAPI found, placeholders will be processed in message format.
[15:13:33] [Server thread/INFO]: [SimpleChat] Loaded 3 chat formats from config.
[15:13:33] [Server thread/INFO]: [SimpleChat] Registered chat message listener with priority: HIGHEST
[15:13:34] [Async Chat Thread - #2/INFO]: [Not Secure]  RedTheKnife34 » a
[15:15:46] [Server thread/INFO]: RedTheKnife34 issued server command: /commandpanels:panels
[15:15:51] [Server thread/INFO]: RedTheKnife34 issued server command: /pa
[15:15:55] [Server thread/INFO]: RedTheKnife34 issued server command: /pa generate
[15:16:02] [Server thread/INFO]: RedTheKnife34 issued server command: /pa
[15:16:08] [Server thread/INFO]: RedTheKnife34 issued server command: /pa open
[15:16:16] [Server thread/INFO]: RedTheKnife34 issued server command: /pa open inventory
[15:16:19] [Server thread/INFO]: RedTheKnife34 issued server command: /pa open inventory RedTheKnife34
[15:16:27] [Server thread/INFO]: RedTheKnife34 issued server command: /pa open floodgate_simple RedTheKnife34
[15:18:07] [Server thread/INFO]: RedTheKnife34 issued server command: /livekit claim
[15:19:16] [Server thread/INFO]: RedTheKnife34 issued server command: /livekit connections
[15:19:28] [Server thread/INFO]: RedTheKnife34 issued server command: /livekit ?
[15:20:31] [Server thread/INFO]: RedTheKnife34 issued server command: /chunky
[15:20:36] [Server thread/INFO]: RedTheKnife34 issued server command: /chunky start
[15:20:37] [Server thread/INFO]: [Chunky] Task running for world. Processed: 125 chunks (2.96%), ETA: 0:00:56, Rate: 72.7 cps, Current: 14, 2
[15:20:39] [Server thread/INFO]: [Chunky] Task running for world. Processed: 210 chunks (4.97%), ETA: 0:00:56, Rate: 71.3 cps, Current: 13, 6
[15:20:40] [Server thread/INFO]: [Chunky] Task running for world. Processed: 218 chunks (5.16%), ETA: 0:01:25, Rate: 46.9 cps, Current: 14, 5
[15:20:41] [Server thread/INFO]: [Chunky] Task running for world. Processed: 243 chunks (5.75%), ETA: 0:01:35, Rate: 41.7 cps, Current: 14, 12
[15:20:43] [Server thread/INFO]: [Chunky] Task running for world. Processed: 249 chunks (5.89%), ETA: 0:01:50, Rate: 35.8 cps, Current: 1, 16
[15:20:44] [Server thread/INFO]: [Chunky] Task running for world. Processed: 259 chunks (6.13%), ETA: 0:02:03, Rate: 32.2 cps, Current: 15, 9
[15:20:45] [Server thread/INFO]: [Chunky] Task running for world. Processed: 270 chunks (6.39%), ETA: 0:02:19, Rate: 28.4 cps, Current: 4, 18
[15:20:46] [Server thread/INFO]: [Chunky] Task running for world. Processed: 279 chunks (6.60%), ETA: 0:02:30, Rate: 26.2 cps, Current: 5, 20
[15:20:47] [Server thread/INFO]: [Chunky] Task running for world. Processed: 295 chunks (6.98%), ETA: 0:02:35, Rate: 25.2 cps, Current: 7, 18
[15:20:49] [Server thread/INFO]: [Chunky] Task running for world. Processed: 305 chunks (7.22%), ETA: 0:02:46, Rate: 23.6 cps, Current: 1, 21
[15:20:50] [Server thread/INFO]: [Chunky] Task running for world. Processed: 310 chunks (7.34%), ETA: 0:02:57, Rate: 22.0 cps, Current: 1, 22
[15:20:51] [Server thread/INFO]: [Chunky] Task running for world. Processed: 324 chunks (7.67%), ETA: 0:03:03, Rate: 21.3 cps, Current: 0, 22
[15:20:52] [Server thread/INFO]: [Chunky] Task running for world. Processed: 340 chunks (8.05%), ETA: 0:03:05, Rate: 20.9 cps, Current: 0, 25
[15:20:53] [Server thread/INFO]: [Chunky] Task running for world. Processed: 356 chunks (8.43%), ETA: 0:03:12, Rate: 20.1 cps, Current: 0, 27
[15:20:54] [Server thread/INFO]: [Chunky] Task running for world. Processed: 368 chunks (8.71%), ETA: 0:03:16, Rate: 19.6 cps, Current: 5, 30
[15:20:55] [Server thread/INFO]: [Chunky] Task running for world. Processed: 379 chunks (8.97%), ETA: 0:03:20, Rate: 19.1 cps, Current: 9, 25
[15:20:56] [Server thread/INFO]: [Chunky] Task running for world. Processed: 384 chunks (9.09%), ETA: 0:03:28, Rate: 18.5 cps, Current: 9, 24
[15:20:58] [Server thread/INFO]: [Chunky] Task running for world. Processed: 399 chunks (9.44%), ETA: 0:03:29, Rate: 18.2 cps, Current: 10, 28
[15:20:59] [Server thread/INFO]: [Chunky] Task running for world. Processed: 405 chunks (9.59%), ETA: 0:03:37, Rate: 17.6 cps, Current: 12, 29
[15:21:00] [Server thread/INFO]: [Chunky] Task running for world. Processed: 414 chunks (9.80%), ETA: 0:03:41, Rate: 17.2 cps, Current: 10, 30
[15:21:01] [Server thread/INFO]: [Chunky] Task running for world. Processed: 419 chunks (9.92%), ETA: 0:03:50, Rate: 16.5 cps, Current: 12, 25
[15:21:03] [Server thread/INFO]: [Chunky] Task running for world. Processed: 426 chunks (10.08%), ETA: 0:04:00, Rate: 15.8 cps, Current: 13, 26
[15:21:04] [Server thread/INFO]: [Chunky] Task running for world. Processed: 441 chunks (10.44%), ETA: 0:04:03, Rate: 15.5 cps, Current: 11, 31
[15:21:05] [Server thread/INFO]: [Chunky] Task running for world. Processed: 454 chunks (10.75%), ETA: 0:04:05, Rate: 15.4 cps, Current: 9, 16
[15:21:06] [Server thread/INFO]: [Chunky] Task running for world. Processed: 474 chunks (11.22%), ETA: 0:05:09, Rate: 12.1 cps, Current: 15, 29
[15:21:07] [Server thread/INFO]: [Chunky] Task running for world. Processed: 503 chunks (11.91%), ETA: 0:06:04, Rate: 10.2 cps, Current: 15, 25
[15:21:09] [Server thread/INFO]: [Chunky] Task running for world. Processed: 514 chunks (12.17%), ETA: 0:06:04, Rate: 10.2 cps, Current: 16, 17
[15:21:10] [Server thread/INFO]: [Chunky] Task running for world. Processed: 516 chunks (12.21%), ETA: 0:06:05, Rate: 10.1 cps, Current: 17, 18
[15:21:11] [Server thread/INFO]: [Chunky] Task running for world. Processed: 537 chunks (12.71%), ETA: 0:06:06, Rate: 10.1 cps, Current: 17, 21
[15:21:12] [Server thread/INFO]: [Chunky] Task running for world. Processed: 548 chunks (12.97%), ETA: 0:05:58, Rate: 10.3 cps, Current: 16, 22
[15:21:13] [Server thread/INFO]: [Chunky] Task running for world. Processed: 562 chunks (13.30%), ETA: 0:05:51, Rate: 10.4 cps, Current: 17, 23
[15:21:14] [Server thread/INFO]: [Chunky] Task running for world. Processed: 572 chunks (13.54%), ETA: 0:05:46, Rate: 10.5 cps, Current: 18, 23
[15:21:15] [Server thread/INFO]: [Chunky] Task running for world. Processed: 582 chunks (13.78%), ETA: 0:05:48, Rate: 10.5 cps, Current: 17, 27
[15:21:16] [Server thread/INFO]: [Chunky] Task running for world. Processed: 595 chunks (14.08%), ETA: 0:05:50, Rate: 10.4 cps, Current: 18, 28
[15:21:18] [Server thread/INFO]: [Chunky] Task running for world. Processed: 620 chunks (14.67%), ETA: 0:05:31, Rate: 10.9 cps, Current: 24, 24
[15:21:19] [Server thread/INFO]: [Chunky] Task running for world. Processed: 624 chunks (14.77%), ETA: 0:05:31, Rate: 10.9 cps, Current: 23, 25
[15:21:20] [Server thread/INFO]: [Chunky] Task running for world. Processed: 634 chunks (15.01%), ETA: 0:05:33, Rate: 10.8 cps, Current: 23, 26
[15:21:21] [Server thread/INFO]: [Chunky] Task running for world. Processed: 645 chunks (15.27%), ETA: 0:05:32, Rate: 10.8 cps, Current: 25, 26
[15:21:22] [Server thread/INFO]: [Chunky] Task running for world. Processed: 655 chunks (15.50%), ETA: 0:05:38, Rate: 10.5 cps, Current: 23, 31
[15:21:23] [Server thread/INFO]: [Chunky] Task running for world. Processed: 664 chunks (15.72%), ETA: 0:05:41, Rate: 10.4 cps, Current: 27, 28
[15:21:24] [Server thread/INFO]: [Chunky] Task running for world. Processed: 676 chunks (16.00%), ETA: 0:05:40, Rate: 10.4 cps, Current: 28, 25
[15:21:25] [Server thread/INFO]: [Chunky] Task running for world. Processed: 687 chunks (16.26%), ETA: 0:05:39, Rate: 10.4 cps, Current: 27, 23
[15:21:26] [Server thread/INFO]: [Chunky] Task running for world. Processed: 698 chunks (16.52%), ETA: 0:05:32, Rate: 10.6 cps, Current: 24, 22
[15:21:27] [Server thread/INFO]: [Chunky] Task running for world. Processed: 712 chunks (16.85%), ETA: 0:05:33, Rate: 10.5 cps, Current: 31, 30
[15:21:28] [Server thread/INFO]: [Chunky] Task running for world. Processed: 729 chunks (17.25%), ETA: 0:05:19, Rate: 10.9 cps, Current: 31, 25
[15:21:30] [Server thread/INFO]: [Chunky] Task running for world. Processed: 735 chunks (17.40%), ETA: 0:05:24, Rate: 10.8 cps, Current: 31, 24
[15:21:31] [Server thread/INFO]: [Chunky] Task running for world. Processed: 753 chunks (17.82%), ETA: 0:05:07, Rate: 11.3 cps, Current: 29, 19
[15:21:32] [Server thread/INFO]: [Chunky] Task running for world. Processed: 761 chunks (18.01%), ETA: 0:05:03, Rate: 11.4 cps, Current: 30, 19
[15:21:33] [Server thread/INFO]: [Chunky] Task running for world. Processed: 767 chunks (18.15%), ETA: 0:05:07, Rate: 11.3 cps, Current: 28, 15
[15:21:34] [Server thread/INFO]: [Chunky] Task running for world. Processed: 779 chunks (18.44%), ETA: 0:05:07, Rate: 11.2 cps, Current: 30, 14
[15:21:35] [Server thread/INFO]: [Chunky] Task running for world. Processed: 801 chunks (18.96%), ETA: 0:05:04, Rate: 11.2 cps, Current: 27, 9
[15:21:37] [Server thread/INFO]: [Chunky] Task running for world. Processed: 814 chunks (19.27%), ETA: 0:05:22, Rate: 10.6 cps, Current: 24, 15
[15:21:38] [Server thread/INFO]: [Chunky] Task running for world. Processed: 839 chunks (19.86%), ETA: 0:05:04, Rate: 11.1 cps, Current: 21, 14
[15:21:39] [Server thread/INFO]: [Chunky] Task running for world. Processed: 859 chunks (20.33%), ETA: 0:04:45, Rate: 11.8 cps, Current: 16, 11
[15:21:40] [Server thread/INFO]: [Chunky] Task running for world. Processed: 898 chunks (21.25%), ETA: 0:04:30, Rate: 12.3 cps, Current: 16, 7
[15:21:41] [Server thread/INFO]: [Chunky] Task running for world. Processed: 915 chunks (21.66%), ETA: 0:04:24, Rate: 12.5 cps, Current: 17, 5
[15:21:42] [Server thread/INFO]: [Chunky] Task running for world. Processed: 925 chunks (21.89%), ETA: 0:04:27, Rate: 12.3 cps, Current: 17, 2
[15:21:44] [Server thread/INFO]: [Chunky] Task running for world. Processed: 938 chunks (22.20%), ETA: 0:04:27, Rate: 12.3 cps, Current: 17, 1
[15:21:45] [Server thread/INFO]: [Chunky] Task running for world. Processed: 958 chunks (22.67%), ETA: 0:04:15, Rate: 12.8 cps, Current: 25, 7
[15:21:46] [Server thread/INFO]: [Chunky] Task running for world. Processed: 971 chunks (22.98%), ETA: 0:04:14, Rate: 12.8 cps, Current: 27, 6
[15:21:47] [Server thread/INFO]: [Chunky] Task running for world. Processed: 990 chunks (23.43%), ETA: 0:04:17, Rate: 12.5 cps, Current: 22, 0
[15:21:48] [Server thread/INFO]: [Chunky] Task running for world. Processed: 999 chunks (23.64%), ETA: 0:04:13, Rate: 12.7 cps, Current: 30, 6
[15:21:49] [Server thread/INFO]: [Chunky] Task running for world. Processed: 1014 chunks (24.00%), ETA: 0:04:09, Rate: 12.9 cps, Current: 32, 10
[15:21:51] [Server thread/INFO]: [Chunky] Task running for world. Processed: 1019 chunks (24.12%), ETA: 0:04:14, Rate: 12.6 cps, Current: 32, 12
[15:21:52] [Server thread/INFO]: [Chunky] Task running for world. Processed: 1026 chunks (24.28%), ETA: 0:04:16, Rate: 12.5 cps, Current: 31, 5
[15:21:53] [Server thread/INFO]: [Chunky] Task running for world. Processed: 1036 chunks (24.52%), ETA: 0:04:14, Rate: 12.5 cps, Current: 32, 22
[15:21:54] [Server thread/INFO]: [Chunky] Task running for world. Processed: 1048 chunks (24.80%), ETA: 0:04:15, Rate: 12.5 cps, Current: 31, 1
[15:21:56] [Server thread/INFO]: [Chunky] Task running for world. Processed: 1049 chunks (24.83%), ETA: 0:04:28, Rate: 11.8 cps, Current: 29, 0
[15:21:57] [Server thread/INFO]: [Chunky] Task running for world. Processed: 1051 chunks (24.88%), ETA: 0:04:37, Rate: 11.5 cps, Current: 30, 0
[15:22:00] [Server thread/INFO]: [Chunky] Task running for world. Processed: 1056 chunks (24.99%), ETA: 0:05:07, Rate: 10.3 cps, Current: 32, 0
[15:22:06] [Server thread/INFO]: [Chunky] Task running for world. Processed: 1057 chunks (25.02%), ETA: 0:06:22, Rate: 8.3 cps, Current: 32, -1
[15:22:12] [Server thread/INFO]: [Chunky] Task running for world. Processed: 1058 chunks (25.04%), ETA: 0:11:39, Rate: 4.5 cps, Current: 32, -32
[15:22:13] [Server thread/INFO]: [Chunky] Task running for world. Processed: 1089 chunks (25.78%), ETA: 0:10:07, Rate: 5.2 cps, Current: 32, -7
[15:22:15] [Server thread/INFO]: [Chunky] Task running for world. Processed: 1093 chunks (25.87%), ETA: 0:12:17, Rate: 4.2 cps, Current: 1, -29
[15:22:17] [Server thread/INFO]: [Chunky] Task running for world. Processed: 1095 chunks (25.92%), ETA: 0:14:27, Rate: 3.6 cps, Current: 0, -32
[15:22:18] [Server thread/INFO]: [Chunky] Task running for world. Processed: 1098 chunks (25.99%), ETA: 0:15:19, Rate: 3.4 cps, Current: 2, -32
[15:22:19] [Server thread/INFO]: [Chunky] Task running for world. Processed: 1109 chunks (26.25%), ETA: 0:16:06, Rate: 3.2 cps, Current: 4, -28
[15:22:20] [Server thread/INFO]: [Chunky] Task running for world. Processed: 1113 chunks (26.34%), ETA: 0:16:13, Rate: 3.2 cps, Current: 1, -27
[15:22:22] [Server thread/INFO]: [Chunky] Task running for world. Processed: 1116 chunks (26.41%), ETA: 0:17:01, Rate: 3.0 cps, Current: 4, -29
[15:22:23] [Server thread/INFO]: [Chunky] Task running for world. Processed: 1123 chunks (26.58%), ETA: 0:17:35, Rate: 2.9 cps, Current: 3, -26
[15:22:25] [Server thread/INFO]: [Chunky] Task running for world. Processed: 1127 chunks (26.67%), ETA: 0:18:44, Rate: 2.8 cps, Current: 5, -30
[15:22:26] [Server thread/INFO]: [Chunky] Task running for world. Processed: 1129 chunks (26.72%), ETA: 0:19:02, Rate: 2.7 cps, Current: 6, -28
[15:22:27] [Server thread/INFO]: [Chunky] Task running for world. Processed: 1142 chunks (27.03%), ETA: 0:16:40, Rate: 3.1 cps, Current: 5, -25
[15:22:28] [Server thread/INFO]: [Chunky] Task running for world. Processed: 1147 chunks (27.15%), ETA: 0:15:26, Rate: 3.3 cps, Current: 8, -31
[15:22:29] [Server thread/INFO]: [Chunky] Task running for world. Processed: 1161 chunks (27.48%), ETA: 0:13:58, Rate: 3.7 cps, Current: 9, -31
[15:22:30] [Server thread/INFO]: [Chunky] Task running for world. Processed: 1166 chunks (27.60%), ETA: 0:11:04, Rate: 4.6 cps, Current: 8, -32
[15:22:31] [Server thread/INFO]: [Chunky] Task running for world. Processed: 1188 chunks (28.12%), ETA: 0:09:35, Rate: 5.3 cps, Current: 8, -26
[15:22:32] [Server thread/INFO]: [Chunky] Task running for world. Processed: 1203 chunks (28.47%), ETA: 0:08:55, Rate: 5.6 cps, Current: 14, -32
[15:22:34] [Server thread/INFO]: [Chunky] Task running for world. Processed: 1216 chunks (28.78%), ETA: 0:08:32, Rate: 5.9 cps, Current: 13, -25
[15:22:35] [Server thread/INFO]: [Chunky] Task running for world. Processed: 1232 chunks (29.16%), ETA: 0:08:00, Rate: 6.2 cps, Current: 15, -25
[15:22:36] [Server thread/INFO]: [Chunky] Task running for world. Processed: 1237 chunks (29.28%), ETA: 0:08:05, Rate: 6.2 cps, Current: 10, -21
[15:22:37] [Server thread/INFO]: [Chunky] Task running for world. Processed: 1255 chunks (29.70%), ETA: 0:06:15, Rate: 7.9 cps, Current: 11, -18
[15:22:38] [Server thread/INFO]: [Chunky] Task running for world. Processed: 1276 chunks (30.20%), ETA: 0:05:51, Rate: 8.4 cps, Current: 10, -17
[15:22:39] [Server thread/INFO]: [Chunky] Task running for world. Processed: 1282 chunks (30.34%), ETA: 0:05:57, Rate: 8.2 cps, Current: 12, -17
[15:22:40] [Server thread/INFO]: [Chunky] Task running for world. Processed: 1307 chunks (30.93%), ETA: 0:05:32, Rate: 8.8 cps, Current: 5, -20
[15:22:42] [Server thread/INFO]: [Chunky] Task running for world. Processed: 1530 chunks (36.21%), ETA: 0:02:55, Rate: 15.3 cps, Current: 8, -13
[15:22:43] [Server thread/INFO]: [Chunky] Task running for world. Processed: 1562 chunks (36.97%), ETA: 0:02:47, Rate: 15.9 cps, Current: 12, -14
[15:22:44] [Server thread/INFO]: [Chunky] Task running for world. Processed: 1590 chunks (37.63%), ETA: 0:02:35, Rate: 16.9 cps, Current: 15, -16
[15:22:45] [Server thread/INFO]: [Chunky] Task running for world. Processed: 1602 chunks (37.92%), ETA: 0:02:29, Rate: 17.6 cps, Current: 16, -15
[15:22:47] [Server thread/INFO]: [Chunky] Task running for world. Processed: 1607 chunks (38.04%), ETA: 0:02:32, Rate: 17.1 cps, Current: 19, -14
[15:22:48] [Server thread/INFO]: [Chunky] Task running for world. Processed: 1626 chunks (38.49%), ETA: 0:02:23, Rate: 18.1 cps, Current: 18, -16
[15:22:49] [Server thread/INFO]: [Chunky] Task running for world. Processed: 1640 chunks (38.82%), ETA: 0:02:24, Rate: 17.9 cps, Current: 19, -16
[15:22:50] [Server thread/INFO]: [Chunky] Task running for world. Processed: 1646 chunks (38.96%), ETA: 0:02:24, Rate: 17.9 cps, Current: 16, -6
[15:22:51] [Server thread/INFO]: [Chunky] Task running for world. Processed: 1673 chunks (39.60%), ETA: 0:02:16, Rate: 18.8 cps, Current: 23, -12
[15:22:52] [Server thread/INFO]: [Chunky] Task running for world. Processed: 1706 chunks (40.38%), ETA: 0:02:08, Rate: 19.6 cps, Current: 21, -8
[15:22:54] [Server thread/INFO]: [Chunky] Task running for world. Processed: 1729 chunks (40.92%), ETA: 0:02:00, Rate: 20.7 cps, Current: 24, -8
[15:22:55] [Server thread/INFO]: [Chunky] Task running for world. Processed: 1782 chunks (42.18%), ETA: 0:01:48, Rate: 22.6 cps, Current: 26, -8
[15:22:56] [Server thread/INFO]: [Chunky] Task running for world. Processed: 1811 chunks (42.86%), ETA: 0:01:44, Rate: 23.1 cps, Current: 30, -11
[15:22:57] [Server thread/INFO]: [Chunky] Task running for world. Processed: 1847 chunks (43.72%), ETA: 0:01:41, Rate: 23.4 cps, Current: 27, -15
[15:22:58] [Server thread/INFO]: [Chunky] Task running for world. Processed: 1865 chunks (44.14%), ETA: 0:01:38, Rate: 23.9 cps, Current: 31, -23
[15:22:59] [Server thread/INFO]: [Chunky] Task running for world. Processed: 1887 chunks (44.66%), ETA: 0:01:33, Rate: 24.9 cps, Current: 29, -22
[15:23:00] [Server thread/INFO]: [Chunky] Task running for world. Processed: 1898 chunks (44.92%), ETA: 0:01:34, Rate: 24.5 cps, Current: 29, -23
[15:23:02] [Server thread/INFO]: [Chunky] Task running for world. Processed: 1911 chunks (45.23%), ETA: 0:01:34, Rate: 24.4 cps, Current: 27, -23
[15:23:03] [Server thread/INFO]: [Chunky] Task running for world. Processed: 1938 chunks (45.87%), ETA: 0:01:32, Rate: 24.7 cps, Current: 17, -20
[15:23:04] [Server thread/INFO]: [Chunky] Task running for world. Processed: 1971 chunks (46.65%), ETA: 0:01:29, Rate: 25.1 cps, Current: 17, -23
[15:23:05] [Server thread/INFO]: [Chunky] Task running for world. Processed: 1994 chunks (47.20%), ETA: 0:01:26, Rate: 25.8 cps, Current: 17, -26
[15:23:06] [Server thread/INFO]: [Chunky] Task running for world. Processed: 2010 chunks (47.57%), ETA: 0:01:26, Rate: 25.7 cps, Current: 19, -27
[15:23:07] [Server thread/INFO]: [Chunky] Task running for world. Processed: 2029 chunks (48.02%), ETA: 0:01:24, Rate: 25.8 cps, Current: 20, -30
[15:23:08] [Server thread/INFO]: [Chunky] Task running for world. Processed: 2046 chunks (48.43%), ETA: 0:01:23, Rate: 26.0 cps, Current: 25, -25
[15:23:09] [Server thread/INFO]: [Chunky] Task running for world. Processed: 2072 chunks (49.04%), ETA: 0:01:21, Rate: 26.5 cps, Current: 19, -32
[15:23:10] [Server thread/INFO]: [Chunky] Task running for world. Processed: 2105 chunks (49.82%), ETA: 0:01:47, Rate: 19.7 cps, Current: 24, -32
[15:23:16] [Server thread/INFO]: [Chunky] Task running for world. Processed: 2113 chunks (50.01%), ETA: 0:02:01, Rate: 17.4 cps, Current: -30, -27
[15:23:17] [Server thread/INFO]: [Chunky] Task running for world. Processed: 2127 chunks (50.34%), ETA: 0:02:01, Rate: 17.3 cps, Current: -29, -26
[15:23:18] [Server thread/INFO]: [Chunky] Task running for world. Processed: 2134 chunks (50.51%), ETA: 0:02:03, Rate: 16.9 cps, Current: -32, -31
[15:23:19] [Server thread/INFO]: [Chunky] Task running for world. Processed: 2148 chunks (50.84%), ETA: 0:01:59, Rate: 17.4 cps, Current: -32, -30
[15:23:20] [Server thread/INFO]: [Chunky] Task running for world. Processed: 2164 chunks (51.22%), ETA: 0:02:01, Rate: 16.9 cps, Current: -25, -29
[15:23:22] [Server thread/INFO]: [Chunky] Task running for world. Processed: 2172 chunks (51.41%), ETA: 0:02:07, Rate: 16.1 cps, Current: -27, -31
[15:23:23] [Server thread/INFO]: [Chunky] Task running for world. Processed: 2179 chunks (51.57%), ETA: 0:02:11, Rate: 15.6 cps, Current: -21, -30
[15:23:24] [Server thread/INFO]: [Chunky] Task running for world. Processed: 2189 chunks (51.81%), ETA: 0:02:24, Rate: 14.1 cps, Current: -19, -28
[15:23:25] [Server thread/INFO]: [Chunky] Task running for world. Processed: 2207 chunks (52.24%), ETA: 0:02:28, Rate: 13.6 cps, Current: -20, -31
[15:23:27] [Server thread/INFO]: [Chunky] Task running for world. Processed: 2222 chunks (52.59%), ETA: 0:02:43, Rate: 12.3 cps, Current: -24, -25
[15:23:29] [Server thread/INFO]: [Chunky] Task running for world. Processed: 2247 chunks (53.18%), ETA: 0:02:40, Rate: 12.3 cps, Current: -22, -23
[15:23:30] [Server thread/INFO]: [Chunky] Task running for world. Processed: 2256 chunks (53.40%), ETA: 0:02:40, Rate: 12.3 cps, Current: -19, -22
[15:23:31] [Server thread/INFO]: [Chunky] Task running for world. Processed: 2265 chunks (53.61%), ETA: 0:02:40, Rate: 12.2 cps, Current: -17, -23
[15:23:32] [Server thread/INFO]: [Chunky] Task running for world. Processed: 2282 chunks (54.01%), ETA: 0:02:43, Rate: 11.9 cps, Current: -23, -20
[15:23:33] [Server thread/INFO]: [Chunky] Task running for world. Processed: 2300 chunks (54.44%), ETA: 0:02:48, Rate: 11.4 cps, Current: -22, -18
[15:23:34] [Server thread/INFO]: [Chunky] Task running for world. Processed: 2310 chunks (54.67%), ETA: 0:02:48, Rate: 11.3 cps, Current: -24, -18
[15:23:37] [Server thread/INFO]: [Chunky] Task running for world. Processed: 2332 chunks (55.20%), ETA: 0:03:02, Rate: 10.4 cps, Current: -28, -22
[15:23:38] [Server thread/INFO]: [Chunky] Task running for world. Processed: 2339 chunks (55.36%), ETA: 0:03:08, Rate: 10.0 cps, Current: -30, -22
[15:23:39] [Server thread/INFO]: [Chunky] Task running for world. Processed: 2346 chunks (55.53%), ETA: 0:03:20, Rate: 9.4 cps, Current: -29, -20
[15:23:40] [Server thread/INFO]: [Chunky] Task running for world. Processed: 2353 chunks (55.69%), ETA: 0:03:40, Rate: 8.5 cps, Current: -30, -20
[15:23:41] [Server thread/INFO]: [Chunky] Task running for world. Processed: 2362 chunks (55.91%), ETA: 0:03:08, Rate: 9.9 cps, Current: -27, -16
[15:23:42] [Server thread/INFO]: [Chunky] Task running for world. Processed: 2365 chunks (55.98%), ETA: 0:03:14, Rate: 9.6 cps, Current: -31, -20
[15:23:43] [Server thread/INFO]: [Chunky] Task running for world. Processed: 2371 chunks (56.12%), ETA: 0:03:16, Rate: 9.4 cps, Current: -31, -19
[15:23:44] [Server thread/INFO]: [Chunky] Task running for world. Processed: 2385 chunks (56.45%), ETA: 0:03:12, Rate: 9.6 cps, Current: -32, -20
[15:23:46] [Server thread/INFO]: [Chunky] Task running for world. Processed: 2387 chunks (56.50%), ETA: 0:03:19, Rate: 9.2 cps, Current: -27, -13
[15:23:47] [Server thread/INFO]: [Chunky] Task running for world. Processed: 2405 chunks (56.92%), ETA: 0:03:14, Rate: 9.3 cps, Current: -25, -13
[15:23:48] [Server thread/INFO]: [Chunky] Task running for world. Processed: 2410 chunks (57.04%), ETA: 0:03:13, Rate: 9.4 cps, Current: -25, -12
[15:23:49] [Server thread/INFO]: [Chunky] Task running for world. Processed: 2419 chunks (57.25%), ETA: 0:03:17, Rate: 9.1 cps, Current: -32, -12
[15:23:50] [Server thread/INFO]: [Chunky] Task running for world. Processed: 2423 chunks (57.35%), ETA: 0:03:24, Rate: 8.8 cps, Current: -29, -9
[15:23:51] [Server thread/INFO]: [Chunky] Task running for world. Processed: 2439 chunks (57.73%), ETA: 0:03:19, Rate: 8.9 cps, Current: -31, -7
[15:23:53] [Server thread/INFO]: [Chunky] Task running for world. Processed: 2467 chunks (58.39%), ETA: 0:03:02, Rate: 9.6 cps, Current: -29, -2
[15:23:54] [Server thread/INFO]: [Chunky] Task running for world. Processed: 2469 chunks (58.44%), ETA: 0:03:11, Rate: 9.2 cps, Current: -26, -8
[15:23:55] [Server thread/INFO]: [Chunky] Task running for world. Processed: 2473 chunks (58.53%), ETA: 0:03:15, Rate: 9.0 cps, Current: -26, -7
[15:23:56] [Server thread/INFO]: [Chunky] Task running for world. Processed: 2488 chunks (58.89%), ETA: 0:03:08, Rate: 9.2 cps, Current: -25, -7
[15:23:58] [Server thread/INFO]: [Chunky] Task running for world. Processed: 2494 chunks (59.03%), ETA: 0:03:22, Rate: 8.5 cps, Current: -25, -4
[15:24:00] [Server thread/INFO]: [Chunky] Task running for world. Processed: 2498 chunks (59.12%), ETA: 0:03:34, Rate: 8.1 cps, Current: -24, -6
[15:24:01] [Server thread/INFO]: [Chunky] Task running for world. Processed: 2509 chunks (59.38%), ETA: 0:03:38, Rate: 7.9 cps, Current: -22, -6
[15:24:02] [Server thread/INFO]: [Chunky] Task running for world. Processed: 2514 chunks (59.50%), ETA: 0:03:55, Rate: 7.3 cps, Current: -24, -2
[15:24:04] [Server thread/INFO]: [Chunky] Task running for world. Processed: 2517 chunks (59.57%), ETA: 0:04:12, Rate: 6.8 cps, Current: -20, -3
[15:24:05] [Server thread/INFO]: [Chunky] Task running for world. Processed: 2527 chunks (59.81%), ETA: 0:04:06, Rate: 6.9 cps, Current: -21, -4
[15:24:06] [Server thread/INFO]: [Chunky] Task running for world. Processed: 2549 chunks (60.33%), ETA: 0:03:48, Rate: 7.3 cps, Current: -18, -1
[15:24:07] [Server thread/INFO]: [Chunky] Task running for world. Processed: 2559 chunks (60.57%), ETA: 0:03:43, Rate: 7.4 cps, Current: -18, -8
[15:24:08] [Server thread/INFO]: [Chunky] Task running for world. Processed: 2561 chunks (60.62%), ETA: 0:03:49, Rate: 7.3 cps, Current: -18, -9
[15:24:09] [Server thread/INFO]: RedTheKnife34 issued server command: /lifestealz reload
[15:24:09] [Server thread/INFO]: [LifeStealZ] Using language file: plugins/LifeStealZ/lang/es-ES.yml
[15:24:10] [Server thread/INFO]: [Chunky] Task running for world. Processed: 2569 chunks (60.80%), ETA: 0:03:51, Rate: 7.2 cps, Current: -17, -10
[15:24:11] [Server thread/INFO]: [Chunky] Task running for world. Processed: 2595 chunks (61.42%), ETA: 0:03:24, Rate: 8.0 cps, Current: -22, -15
[15:24:13] [Server thread/INFO]: [Chunky] Task running for world. Processed: 2647 chunks (62.65%), ETA: 0:02:47, Rate: 9.4 cps, Current: -14, -12
[15:24:14] [Server thread/INFO]: [Chunky] Task running for world. Processed: 2662 chunks (63.01%), ETA: 0:02:45, Rate: 9.4 cps, Current: -14, -10
[15:24:15] [Thread-2871/INFO]: [Chunky] Task running for world. Processed: 2789 chunks (66.01%), ETA: 0:01:43, Rate: 13.8 cps, Current: -5, -9
[15:24:16] [Server thread/INFO]: [Chunky] Task running for world. Processed: 2820 chunks (66.75%), ETA: 0:01:38, Rate: 14.3 cps, Current: -16, -5
[15:24:17] [Server thread/INFO]: [Chunky] Task running for world. Processed: 2841 chunks (67.24%), ETA: 0:01:33, Rate: 14.8 cps, Current: -6, -13
[15:24:18] [Server thread/INFO]: [Chunky] Task running for world. Processed: 2846 chunks (67.36%), ETA: 0:01:34, Rate: 14.6 cps, Current: -1, -14
[15:24:19] [Server thread/INFO]: RedTheKnife34 issued server command: /geyser reload
[15:24:20] [Geyser Scheduled Thread-2-1/INFO]: [Geyser-Spigot] Shutting down Geyser.
[15:24:20] [Server thread/INFO]: [Chunky] Task running for world. Processed: 2852 chunks (67.50%), ETA: 0:01:35, Rate: 14.4 cps, Current: -11, -15
[15:24:20] [WebSocketConnectReadThread-216/INFO]: [Geyser-Spigot] The skin uploader has been closed
[15:24:20] [GeyserServer-9-1/INFO]: [Geyser-Spigot] Started Geyser on 100.117.122.123:19132
[15:24:21] [Server thread/INFO]: [Chunky] Task running for world. Processed: 2860 chunks (67.69%), ETA: 0:01:36, Rate: 14.2 cps, Current: -14, -16
[15:24:22] [Server thread/INFO]: [Chunky] Task running for world. Processed: 2873 chunks (68.00%), ETA: 0:01:38, Rate: 13.7 cps, Current: -2, -17
[15:24:23] [Server thread/INFO]: [Chunky] Task running for world. Processed: 2878 chunks (68.12%), ETA: 0:01:37, Rate: 13.8 cps, Current: -10, -16
[15:24:25] [Server thread/INFO]: [Chunky] Task running for world. Processed: 2882 chunks (68.21%), ETA: 0:01:37, Rate: 13.8 cps, Current: -9, -16
[15:24:26] [Server thread/INFO]: [Chunky] Task running for world. Processed: 2895 chunks (68.52%), ETA: 0:01:37, Rate: 13.7 cps, Current: -3, -19
[15:24:27] [Server thread/INFO]: [Chunky] Task running for world. Processed: 2905 chunks (68.76%), ETA: 0:01:35, Rate: 13.9 cps, Current: -2, -23
[15:24:29] [Server thread/INFO]: [Chunky] Task running for world. Processed: 2923 chunks (69.18%), ETA: 0:01:27, Rate: 14.8 cps, Current: -8, -17
[15:24:30] [Server thread/INFO]: [Chunky] Task running for world. Processed: 2930 chunks (69.35%), ETA: 0:01:29, Rate: 14.5 cps, Current: -15, -17
[15:24:31] [Server thread/INFO]: [Chunky] Task running for world. Processed: 2954 chunks (69.92%), ETA: 0:01:22, Rate: 15.3 cps, Current: -8, -19
[15:24:32] [Server thread/INFO]: [Chunky] Task running for world. Processed: 2963 chunks (70.13%), ETA: 0:01:23, Rate: 15.1 cps, Current: -14, -20
[15:24:34] [Server thread/INFO]: [Chunky] Task running for world. Processed: 2987 chunks (70.70%), ETA: 0:01:17, Rate: 15.9 cps, Current: -9, -22
[15:24:35] [Server thread/INFO]: [Chunky] Task running for world. Processed: 3006 chunks (71.15%), ETA: 0:01:15, Rate: 16.2 cps, Current: -11, -24
[15:24:36] [Server thread/INFO]: [Chunky] Task running for world. Processed: 3009 chunks (71.22%), ETA: 0:01:18, Rate: 15.5 cps, Current: -9, -25
[15:24:38] [Server thread/INFO]: [Chunky] Task running for world. Processed: 3026 chunks (71.62%), ETA: 0:01:15, Rate: 15.9 cps, Current: -15, -27
[15:24:39] [Server thread/INFO]: [Chunky] Task running for world. Processed: 3033 chunks (71.79%), ETA: 0:01:14, Rate: 16.1 cps, Current: -14, -27
[15:24:40] [Server thread/INFO]: [Chunky] Task running for world. Processed: 3039 chunks (71.93%), ETA: 0:01:17, Rate: 15.2 cps, Current: -14, -28
[15:24:41] [Server thread/INFO]: [Chunky] Task running for world. Processed: 3041 chunks (71.98%), ETA: 0:01:26, Rate: 13.7 cps, Current: -15, -30
[15:24:43] [Server thread/INFO]: [Chunky] Task running for world. Processed: 3046 chunks (72.09%), ETA: 0:01:28, Rate: 13.3 cps, Current: -12, -28
[15:24:44] [Server thread/INFO]: [Chunky] Task running for world. Processed: 3053 chunks (72.26%), ETA: 0:02:11, Rate: 8.9 cps, Current: -12, -30
[15:24:46] [Server thread/INFO]: [Chunky] Task running for world. Processed: 3065 chunks (72.54%), ETA: 0:02:32, Rate: 7.6 cps, Current: -7, -25
[15:24:48] [Server thread/INFO]: [Chunky] Task running for world. Processed: 3072 chunks (72.71%), ETA: 0:02:29, Rate: 7.7 cps, Current: -7, -30
[15:24:49] [Server thread/INFO]: [Chunky] Task running for world. Processed: 3088 chunks (73.09%), ETA: 0:02:18, Rate: 8.2 cps, Current: -9, -31
[15:24:50] [Server thread/INFO]: [Chunky] Task running for world. Processed: 3096 chunks (73.28%), ETA: 0:02:18, Rate: 8.2 cps, Current: -8, -31
[15:24:55] [Server thread/INFO]: [Chunky] Task running for world. Processed: 3127 chunks (74.01%), ETA: 0:02:17, Rate: 8.0 cps, Current: -10, -32
[15:24:56] [Server thread/INFO]: [Chunky] Task running for world. Processed: 3128 chunks (74.04%), ETA: 0:02:21, Rate: 7.7 cps, Current: -1, -32
[15:24:59] [Server thread/INFO]: [Chunky] Task running for world. Processed: 3137 chunks (74.25%), ETA: 0:02:32, Rate: 7.1 cps, Current: -29, 0
[15:25:00] [Server thread/INFO]: [Chunky] Task running for world. Processed: 3141 chunks (74.34%), ETA: 0:02:48, Rate: 6.4 cps, Current: -30, 1
[15:25:02] [Server thread/INFO]: [Chunky] Task running for world. Processed: 3165 chunks (74.91%), ETA: 0:02:34, Rate: 6.9 cps, Current: -31, 2
[15:25:03] [Server thread/INFO]: [Chunky] Task running for world. Processed: 3185 chunks (75.38%), ETA: 0:02:33, Rate: 6.8 cps, Current: -32, 2
[15:25:04] [Server thread/INFO]: [Chunky] Task running for world. Processed: 3195 chunks (75.62%), ETA: 0:02:40, Rate: 6.4 cps, Current: -32, 3
[15:25:05] [Server thread/INFO]: [Chunky] Task running for world. Processed: 3218 chunks (76.17%), ETA: 0:02:20, Rate: 7.2 cps, Current: -31, 7
[15:25:06] [Server thread/INFO]: [Chunky] Task running for world. Processed: 3224 chunks (76.31%), ETA: 0:02:23, Rate: 7.0 cps, Current: -18, 2
[15:25:07] [Server thread/INFO]: [Chunky] Task running for world. Processed: 3239 chunks (76.66%), ETA: 0:02:17, Rate: 7.2 cps, Current: -18, 4
[15:25:09] [Server thread/INFO]: [Chunky] Task running for world. Processed: 3252 chunks (76.97%), ETA: 0:02:10, Rate: 7.4 cps, Current: -17, 6
[15:25:10] [Server thread/INFO]: [Chunky] Task running for world. Processed: 3272 chunks (77.44%), ETA: 0:01:59, Rate: 7.9 cps, Current: -21, 9
[15:25:11] [Server thread/INFO]: [Chunky] Task running for world. Processed: 3288 chunks (77.82%), ETA: 0:01:52, Rate: 8.3 cps, Current: -18, 11
[15:25:12] [Server thread/INFO]: [Chunky] Task running for world. Processed: 3299 chunks (78.08%), ETA: 0:01:47, Rate: 8.6 cps, Current: -20, 12
[15:25:14] [Server thread/INFO]: [Chunky] Task running for world. Processed: 3309 chunks (78.32%), ETA: 0:01:44, Rate: 8.8 cps, Current: -21, 13
[15:25:15] [Server thread/INFO]: [Chunky] Task running for world. Processed: 3332 chunks (78.86%), ETA: 0:01:36, Rate: 9.3 cps, Current: -22, 14
[15:25:16] [Server thread/INFO]: [Chunky] Task running for world. Processed: 3350 chunks (79.29%), ETA: 0:01:31, Rate: 9.6 cps, Current: -29, 9
[15:25:17] [Server thread/INFO]: [Chunky] Task running for world. Processed: 3359 chunks (79.50%), ETA: 0:01:29, Rate: 9.7 cps, Current: -30, 10
[15:25:18] [Server thread/INFO]: [Chunky] Task running for world. Processed: 3377 chunks (79.93%), ETA: 0:01:27, Rate: 9.7 cps, Current: -30, 12
[15:25:20] [Server thread/INFO]: [Chunky] Task running for world. Processed: 3390 chunks (80.24%), ETA: 0:01:22, Rate: 10.1 cps, Current: -25, 16
[15:25:21] [Server thread/INFO]: [Chunky] Task running for world. Processed: 3406 chunks (80.62%), ETA: 0:01:14, Rate: 11.0 cps, Current: -27, 18
[15:25:22] [Server thread/INFO]: [Chunky] Task running for world. Processed: 3410 chunks (80.71%), ETA: 0:01:17, Rate: 10.5 cps, Current: -27, 19
[15:25:24] [Server thread/INFO]: [Chunky] Task running for world. Processed: 3426 chunks (81.09%), ETA: 0:01:15, Rate: 10.6 cps, Current: -25, 18
[15:25:25] [Server thread/INFO]: [Chunky] Task running for world. Processed: 3439 chunks (81.40%), ETA: 0:01:13, Rate: 10.7 cps, Current: -30, 22
[15:25:26] [Server thread/INFO]: [Chunky] Task running for world. Processed: 3444 chunks (81.51%), ETA: 0:01:13, Rate: 10.7 cps, Current: -25, 21
[15:25:27] [Server thread/INFO]: [Chunky] Task running for world. Processed: 3455 chunks (81.78%), ETA: 0:01:08, Rate: 11.3 cps, Current: -30, 24
[15:25:28] [Server thread/INFO]: [Chunky] Task running for world. Processed: 3468 chunks (82.08%), ETA: 0:01:07, Rate: 11.2 cps, Current: -31, 28
[15:25:30] [Server thread/INFO]: [Chunky] Task running for world. Processed: 3492 chunks (82.65%), ETA: 0:01:01, Rate: 12.0 cps, Current: -26, 24
[15:25:31] [Server thread/INFO]: [Chunky] Task running for world. Processed: 3502 chunks (82.89%), ETA: 0:01:01, Rate: 11.7 cps, Current: -26, 25
[15:25:32] [Server thread/INFO]: [Chunky] Task running for world. Processed: 3520 chunks (83.31%), ETA: 0:00:59, Rate: 11.9 cps, Current: -23, 24
[15:25:33] [Server thread/INFO]: [Chunky] Task running for world. Processed: 3535 chunks (83.67%), ETA: 0:00:58, Rate: 11.8 cps, Current: -22, 27
[15:25:34] [Server thread/INFO]: [Chunky] Task running for world. Processed: 3543 chunks (83.86%), ETA: 0:00:58, Rate: 11.7 cps, Current: -20, 28
[15:25:36] [Server thread/INFO]: [Chunky] Task running for world. Processed: 3556 chunks (84.17%), ETA: 0:00:58, Rate: 11.4 cps, Current: -20, 25
[15:25:37] [Server thread/INFO]: [Chunky] Task running for world. Processed: 3570 chunks (84.50%), ETA: 0:00:58, Rate: 11.3 cps, Current: -22, 31
[15:25:38] [Server thread/INFO]: [Chunky] Task running for world. Processed: 3581 chunks (84.76%), ETA: 0:00:56, Rate: 11.3 cps, Current: -19, 22
[15:25:39] [Server thread/INFO]: RedTheKnife34 issued server command: /simplechat:chatreload
[15:25:39] [Server thread/INFO]: [SimpleChat] LuckPerms found, using it for chat formatting.
[15:25:39] [Server thread/INFO]: [SimpleChat] PlaceholderAPI found, placeholders will be processed in message format.
[15:25:39] [Server thread/INFO]: [SimpleChat] Loaded 3 chat formats from config.
[15:25:39] [Server thread/INFO]: [SimpleChat] Registered chat message listener with priority: HIGHEST
[15:25:39] [Server thread/INFO]: [Chunky] Task running for world. Processed: 3637 chunks (86.08%), ETA: 0:00:46, Rate: 12.5 cps, Current: -17, 22
[15:25:41] [Server thread/INFO]: [Chunky] Task running for world. Processed: 3651 chunks (86.41%), ETA: 0:00:46, Rate: 12.3 cps, Current: -16, 18
[15:25:42] [Async Chat Thread - #4/INFO]: [Not Secure] %Usuario% RedTheKnife34 » a
[15:25:42] [Server thread/INFO]: [Chunky] Task running for world. Processed: 3665 chunks (86.75%), ETA: 0:00:45, Rate: 12.4 cps, Current: -16, 20
[15:25:43] [Server thread/INFO]: [Chunky] Task running for world. Processed: 3688 chunks (87.29%), ETA: 0:00:41, Rate: 13.0 cps, Current: -15, 22
[15:25:44] [Server thread/INFO]: [Chunky] Task running for world. Processed: 3712 chunks (87.86%), ETA: 0:00:38, Rate: 13.3 cps, Current: -14, 23
[15:25:45] [Server thread/INFO]: [Chunky] Task running for world. Processed: 3721 chunks (88.07%), ETA: 0:00:38, Rate: 13.0 cps, Current: -14, 25
[15:25:46] [Server thread/INFO]: [Chunky] Task running for world. Processed: 3745 chunks (88.64%), ETA: 0:00:36, Rate: 13.2 cps, Current: -13, 29
[15:25:47] [Server thread/INFO]: [Chunky] Task running for world. Processed: 3755 chunks (88.88%), ETA: 0:00:35, Rate: 13.2 cps, Current: -14, 31
[15:25:48] [Server thread/INFO]: [Chunky] Task running for world. Processed: 3765 chunks (89.11%), ETA: 0:00:35, Rate: 13.0 cps, Current: -10, 28
[15:25:49] [Server thread/INFO]: [Chunky] Task running for world. Processed: 3775 chunks (89.35%), ETA: 0:00:34, Rate: 12.9 cps, Current: -8, 27
[15:25:51] [Server thread/INFO]: [Chunky] Task running for world. Processed: 3798 chunks (89.89%), ETA: 0:00:32, Rate: 13.2 cps, Current: -10, 31
[15:25:52] [Server thread/INFO]: [Chunky] Task running for world. Processed: 3837 chunks (90.82%), ETA: 0:00:26, Rate: 14.6 cps, Current: -7, 31
[15:25:53] [Server thread/INFO]: [Chunky] Task running for world. Processed: 4138 chunks (97.94%), ETA: 0:00:03, Rate: 24.4 cps, Current: -14, 7
[15:25:55] [Server thread/INFO]: [Chunky] Task running for world. Processed: 4161 chunks (98.49%), ETA: 0:00:02, Rate: 24.4 cps, Current: -15, 32
[15:25:57] [Server thread/INFO]: [Chunky] Task running for world. Processed: 4165 chunks (98.58%), ETA: 0:00:02, Rate: 24.3 cps, Current: -32, 32
[15:25:58] [Server thread/INFO]: [Chunky] Task running for world. Processed: 4169 chunks (98.67%), ETA: 0:00:02, Rate: 23.5 cps, Current: -10, 32
[15:25:59] [Server thread/INFO]: [Chunky] Task running for world. Processed: 4190 chunks (99.17%), ETA: 0:00:01, Rate: 23.7 cps, Current: -19, 32
[15:26:00] [Server thread/INFO]: [Chunky] Task running for world. Processed: 4212 chunks (99.69%), ETA: 0:00:00, Rate: 24.0 cps, Current: 19, 32
[15:26:01] [Server thread/INFO]: [Chunky] Task finished for world. Processed: 4225 chunks (100.00%), Total time: 0:05:25
[15:26:18] [Server thread/INFO]: RedTheKnife34 issued server command: /simplechat:chatreload
[15:26:18] [Server thread/INFO]: [SimpleChat] LuckPerms found, using it for chat formatting.
[15:26:18] [Server thread/INFO]: [SimpleChat] PlaceholderAPI found, placeholders will be processed in message format.
[15:26:18] [Server thread/INFO]: [SimpleChat] Loaded 3 chat formats from config.
[15:26:18] [Server thread/INFO]: [SimpleChat] Registered chat message listener with priority: HIGHEST
[15:26:20] [Async Chat Thread - #4/INFO]: [Not Secure]  Usuario RedTheKnife34 » a
[15:27:30] [Server thread/INFO]: RedTheKnife34 issued server command: /simplechat:chatreload
[15:27:30] [Server thread/INFO]: [SimpleChat] LuckPerms found, using it for chat formatting.
[15:27:30] [Server thread/INFO]: [SimpleChat] PlaceholderAPI found, placeholders will be processed in message format.
[15:27:30] [Server thread/INFO]: [SimpleChat] Loaded 3 chat formats from config.
[15:27:30] [Server thread/INFO]: [SimpleChat] Registered chat message listener with priority: HIGHEST
[15:27:32] [Async Chat Thread - #7/INFO]: [Not Secure]  Usuario RedTheKnife34 » a
[15:28:26] [Server thread/INFO]: RedTheKnife34 issued server command: /lp user RedTheKnife34 parent set admin
[15:28:26] [luckperms-command-executor/INFO]: [LP] LOG > (RedTheKnife34) [U] (redtheknife34)
[15:28:26] [luckperms-command-executor/INFO]: [LP] LOG > parent set admin
[15:28:27] [Async Chat Thread - #6/INFO]: [Not Secure] %Admin% RedTheKnife34 » a
[15:28:37] [Server thread/INFO]: RedTheKnife34 issued server command: /simplechat:chatreload
[15:28:37] [Server thread/INFO]: [SimpleChat] LuckPerms found, using it for chat formatting.
[15:28:37] [Server thread/INFO]: [SimpleChat] PlaceholderAPI found, placeholders will be processed in message format.
[15:28:37] [Server thread/INFO]: [SimpleChat] Loaded 3 chat formats from config.
[15:28:37] [Server thread/INFO]: [SimpleChat] Registered chat message listener with priority: HIGHEST
[15:28:39] [Async Chat Thread - #6/INFO]: [Not Secure] Admin RedTheKnife34 » a
[15:28:52] [Server thread/INFO]: RedTheKnife34 issued server command: /simplechat:chatreload
[15:28:52] [Server thread/INFO]: [SimpleChat] LuckPerms found, using it for chat formatting.
[15:28:52] [Server thread/INFO]: [SimpleChat] PlaceholderAPI found, placeholders will be processed in message format.
[15:28:52] [Server thread/INFO]: [SimpleChat] Loaded 3 chat formats from config.
[15:28:52] [Server thread/INFO]: [SimpleChat] Registered chat message listener with priority: HIGHEST
[15:28:54] [Async Chat Thread - #6/INFO]: [Not Secure] Admin RedTheKnife34 » a
[15:29:22] [Server thread/INFO]: RedTheKnife34 issued server command: /simplechat:chatreload
[15:29:22] [Server thread/INFO]: [SimpleChat] LuckPerms found, using it for chat formatting.
[15:29:22] [Server thread/INFO]: [SimpleChat] PlaceholderAPI found, placeholders will be processed in message format.
[15:29:22] [Server thread/INFO]: [SimpleChat] Loaded 3 chat formats from config.
[15:29:22] [Server thread/INFO]: [SimpleChat] Registered chat message listener with priority: HIGHEST
[15:29:24] [Async Chat Thread - #7/INFO]: [Not Secure] Admin RedTheKnife34 » a
[15:29:36] [Server thread/INFO]: RedTheKnife34 issued server command: /lp creategroup owner
[15:29:36] [luckperms-command-executor/INFO]: [LP] LOG > (RedTheKnife34) [G] (owner)
[15:29:36] [luckperms-command-executor/INFO]: [LP] LOG > create
[15:29:48] [Server thread/INFO]: RedTheKnife34 issued server command: /lp group owner permission set *
[15:29:48] [luckperms-command-executor/INFO]: [LP] LOG > (RedTheKnife34) [G] (owner)
[15:29:48] [luckperms-command-executor/INFO]: [LP] LOG > permission set * true
[15:30:01] [Server thread/INFO]: RedTheKnife34 issued server command: /lp user RedTheKnife34 parent set owner
[15:30:01] [luckperms-command-executor/INFO]: [LP] LOG > (RedTheKnife34) [U] (redtheknife34)
[15:30:01] [luckperms-command-executor/INFO]: [LP] LOG > parent set owner
[15:30:05] [Async Chat Thread - #7/INFO]: [Not Secure] %Dueño% RedTheKnife34 » a
[15:30:58] [Server thread/INFO]: RedTheKnife34 issued server command: /simplechat:chatreload
[15:30:58] [Server thread/INFO]: [SimpleChat] LuckPerms found, using it for chat formatting.
[15:30:58] [Server thread/INFO]: [SimpleChat] PlaceholderAPI found, placeholders will be processed in message format.
[15:30:58] [Server thread/INFO]: [SimpleChat] Loaded 3 chat formats from config.
[15:30:58] [Server thread/INFO]: [SimpleChat] Registered chat message listener with priority: HIGHEST
[15:30:59] [Async Chat Thread - #7/INFO]: [Not Secure] Dueño RedTheKnife34 » a
[15:31:11] [Async Chat Thread - #7/INFO]: [Not Secure] Dueño RedTheKnife34 » aa
[15:31:14] [Async Chat Thread - #7/INFO]: [Not Secure] Dueño RedTheKnife34 » ajsjduisada
[15:33:23] [Server thread/INFO]: RedTheKnife34 issued server command: /livekit claim
[15:46:12] [Server thread/INFO]: RedTheKnife34 issued server command: /ca
[15:46:20] [Server thread/INFO]: RedTheKnife34 issued server command: /commandpanels:pa
[15:46:34] [Server thread/INFO]: RedTheKnife34 issued server command: /pa open floodgate_simple
[15:46:58] [Server thread/INFO]: RedTheKnife34 issued server command: /lp group owner permission set commandpanels.command.open.other
[15:46:58] [luckperms-command-executor/INFO]: [LP] LOG > (RedTheKnife34) [G] (owner)
[15:46:58] [luckperms-command-executor/INFO]: [LP] LOG > permission set commandpanels.command.open.other true
[15:47:01] [Server thread/INFO]: RedTheKnife34 issued server command: /lp group owner permission set commandpanels.command.open
[15:47:01] [luckperms-command-executor/INFO]: [LP] LOG > (RedTheKnife34) [G] (owner)
[15:47:01] [luckperms-command-executor/INFO]: [LP] LOG > permission set commandpanels.command.open true
[15:47:07] [Server thread/INFO]: RedTheKnife34 issued server command: /lp group owner permission set commandpanels.command
[15:47:07] [luckperms-command-executor/INFO]: [LP] LOG > (RedTheKnife34) [G] (owner)
[15:47:07] [luckperms-command-executor/INFO]: [LP] LOG > permission set commandpanels.command true
[15:47:17] [Server thread/INFO]: RedTheKnife34 issued server command: /pa open floodgate_custom
[15:47:22] [Server thread/INFO]: RedTheKnife34 issued server command: /pa open floodgate_simple
[15:49:34] [Server thread/INFO]: RedTheKnife34 lost connection: Disconnected
[15:49:34] [Server thread/INFO]: RedTheKnife34 left the game
[15:49:36] [User Authenticator #1/INFO]: UUID of player RedTheKnife34 is 2b693a32-454f-3928-8827-6f0f63c80731
[15:49:36] [Server thread/INFO]: RedTheKnife34 joined the game
[15:49:36] [Server thread/INFO]: RedTheKnife34[/100.86.124.15:62503] logged in with entity id 5708 at ([world]-6.845735597066112, 79.0, -1.5330707205537963)
[15:49:42] [Server thread/INFO]: RedTheKnife34 issued server command: /pa reload
[15:49:43] [Server thread/INFO]: RedTheKnife34 lost connection: Disconnected
[15:49:43] [Server thread/INFO]: RedTheKnife34 left the game
[15:49:46] [User Authenticator #1/INFO]: UUID of player RedTheKnife34 is 2b693a32-454f-3928-8827-6f0f63c80731
[15:49:47] [Server thread/INFO]: RedTheKnife34 joined the game
[15:49:47] [Server thread/INFO]: RedTheKnife34[/100.86.124.15:62518] logged in with entity id 5722 at ([world]-6.845735597066112, 79.0, -1.5330707205537963)
[15:51:18] [Server thread/INFO]: RedTheKnife34 issued server command: /dialog
[15:51:33] [Server thread/INFO]: RedTheKnife34 issued server command: /inventory
[15:52:14] [Server thread/INFO]: RedTheKnife34 issued server command: /pa data
[15:52:25] [Server thread/INFO]: RedTheKnife34 issued server command: /pa data get
[15:55:40] [Server thread/INFO]: RedTheKnife34 issued server command: /warp
